SF:C:\Users\james\Visual Studio Projects\ensek\Ensek\Program.cs
FN:4,System.Void Program::<Main>$(System.String[])
FNDA:0,System.Void Program::<Main>$(System.String[])
DA:5,0
DA:8,0
DA:9,0
DA:10,0
DA:11,0
DA:12,0
DA:13,0
DA:14,0
DA:15,0
DA:16,0
DA:17,0
DA:18,0
DA:19,0
DA:20,0
DA:23,0
DA:24,0
DA:25,0
DA:26,0
DA:29,0
DA:31,0
DA:34,0
DA:35,0
DA:36,0
DA:37,0
DA:38,0
DA:41,0
DA:42,0
DA:43,0
DA:44,0
DA:45,0
DA:47,0
DA:49,0
DA:51,0
DA:53,0
BRDA:23,98,0,0
BRDA:23,98,1,0
LF:34
LH:0
BRF:2
BRH:0
FNF:1
FNH:0
end_of_record
SF:C:\Users\james\Visual Studio Projects\ensek\Ensek\obj\Debug\net9.0\System.Text.RegularExpressions.Generator\System.Text.RegularExpressions.Generator.RegexGenerator\RegexGenerator.g.cs
FN:47,System.Void System.Text.RegularExpressions.Generated.<RegexGenerator_g>F6F33F256E80B46980CC0A7CD61DC5FB75C4F3C2AB34F1FDEDA2F34ED0A047E0F__MyRegex_0::.ctor()
FNDA:1,System.Void System.Text.RegularExpressions.Generated.<RegexGenerator_g>F6F33F256E80B46980CC0A7CD61DC5FB75C4F3C2AB34F1FDEDA2F34ED0A047E0F__MyRegex_0::.ctor()
DA:48,1
DA:49,1
DA:50,1
DA:51,1
DA:52,1
DA:53,1
DA:54,1
DA:55,1
DA:56,1
FN:44,System.Void System.Text.RegularExpressions.Generated.<RegexGenerator_g>F6F33F256E80B46980CC0A7CD61DC5FB75C4F3C2AB34F1FDEDA2F34ED0A047E0F__MyRegex_0::.cctor()
FNDA:1,System.Void System.Text.RegularExpressions.Generated.<RegexGenerator_g>F6F33F256E80B46980CC0A7CD61DC5FB75C4F3C2AB34F1FDEDA2F34ED0A047E0F__MyRegex_0::.cctor()
DA:45,1
FN:61,System.Text.RegularExpressions.RegexRunner System.Text.RegularExpressions.Generated.<RegexGenerator_g>F6F33F256E80B46980CC0A7CD61DC5FB75C4F3C2AB34F1FDEDA2F34ED0A047E0F__MyRegex_0/RunnerFactory::CreateInstance()
FNDA:1,System.Text.RegularExpressions.RegexRunner System.Text.RegularExpressions.Generated.<RegexGenerator_g>F6F33F256E80B46980CC0A7CD61DC5FB75C4F3C2AB34F1FDEDA2F34ED0A047E0F__MyRegex_0/RunnerFactory::CreateInstance()
DA:62,1
FN:69,System.Void System.Text.RegularExpressions.Generated.<RegexGenerator_g>F6F33F256E80B46980CC0A7CD61DC5FB75C4F3C2AB34F1FDEDA2F34ED0A047E0F__MyRegex_0/RunnerFactory/Runner::Scan(System.ReadOnlySpan`1<System.Char>)
FNDA:7,System.Void System.Text.RegularExpressions.Generated.<RegexGenerator_g>F6F33F256E80B46980CC0A7CD61DC5FB75C4F3C2AB34F1FDEDA2F34ED0A047E0F__MyRegex_0/RunnerFactory/Runner::Scan(System.ReadOnlySpan`1<System.Char>)
DA:70,7
DA:72,7
DA:73,1
DA:74,1
DA:75,1
DA:76,7
BRDA:72,8,0,7
BRDA:72,8,1,0
BRDA:72,25,0,1
BRDA:72,25,1,7
FN:81,System.Boolean System.Text.RegularExpressions.Generated.<RegexGenerator_g>F6F33F256E80B46980CC0A7CD61DC5FB75C4F3C2AB34F1FDEDA2F34ED0A047E0F__MyRegex_0/RunnerFactory/Runner::TryFindNextPossibleStartingPosition(System.ReadOnlySpan`1<System.Char>)
FNDA:7,System.Boolean System.Text.RegularExpressions.Generated.<RegexGenerator_g>F6F33F256E80B46980CC0A7CD61DC5FB75C4F3C2AB34F1FDEDA2F34ED0A047E0F__MyRegex_0/RunnerFactory/Runner::TryFindNextPossibleStartingPosition(System.ReadOnlySpan`1<System.Char>)
DA:82,7
DA:83,7
DA:86,7
DA:87,7
DA:89,7
DA:90,7
DA:91,7
DA:93,0
DA:96,0
DA:97,0
DA:98,7
BRDA:86,25,0,7
BRDA:89,34,0,7
BRDA:89,34,1,0
BRDA:86,25,1,0
FN:103,System.Boolean System.Text.RegularExpressions.Generated.<RegexGenerator_g>F6F33F256E80B46980CC0A7CD61DC5FB75C4F3C2AB34F1FDEDA2F34ED0A047E0F__MyRegex_0/RunnerFactory/Runner::TryMatchAtCurrentPosition(System.ReadOnlySpan`1<System.Char>)
FNDA:7,System.Boolean System.Text.RegularExpressions.Generated.<RegexGenerator_g>F6F33F256E80B46980CC0A7CD61DC5FB75C4F3C2AB34F1FDEDA2F34ED0A047E0F__MyRegex_0/RunnerFactory/Runner::TryMatchAtCurrentPosition(System.ReadOnlySpan`1<System.Char>)
DA:104,7
DA:105,7
DA:106,7
DA:107,7
DA:110,7
DA:111,0
DA:112,0
DA:116,7
DA:117,7
DA:118,7
DA:119,7
DA:120,7
DA:121,7
DA:122,7
DA:123,1
DA:124,1
DA:126,6
DA:129,6
DA:130,0
DA:131,0
DA:135,6
DA:136,6
DA:137,6
DA:138,6
DA:139,7
BRDA:110,25,0,0
BRDA:110,25,1,7
BRDA:117,45,0,7
BRDA:117,61,0,7
BRDA:117,77,0,7
BRDA:117,93,0,7
BRDA:117,109,0,7
BRDA:117,45,1,0
BRDA:117,61,1,0
BRDA:117,77,1,0
BRDA:117,93,1,0
BRDA:117,109,1,0
BRDA:117,135,0,1
BRDA:117,135,1,6
BRDA:129,152,0,6
BRDA:129,162,0,0
BRDA:129,162,1,6
BRDA:129,152,1,0
BRDA:129,190,0,0
BRDA:129,190,1,6
FN:149,System.Void System.Text.RegularExpressions.Generated.<RegexGenerator_g>F6F33F256E80B46980CC0A7CD61DC5FB75C4F3C2AB34F1FDEDA2F34ED0A047E0F__Utilities::.cctor()
FNDA:1,System.Void System.Text.RegularExpressions.Generated.<RegexGenerator_g>F6F33F256E80B46980CC0A7CD61DC5FB75C4F3C2AB34F1FDEDA2F34ED0A047E0F__Utilities::.cctor()
DA:150,1
DA:153,1
BRDA:150,17,0,0
BRDA:150,17,1,1
FN:23,System.Text.RegularExpressions.Regex Ensek.Services.MeterReadingService::MyRegex()
FNDA:1,System.Text.RegularExpressions.Regex Ensek.Services.MeterReadingService::MyRegex()
DA:24,1
LF:56
LH:49
BRF:30
BRH:17
FNF:8
FNH:8
end_of_record
SF:C:\Users\james\Visual Studio Projects\ensek\Ensek\Services\IMeterReadingService.cs
FN:7,System.Int32 Ensek.Services.MeterReadingUploadResult::get_SuccessCount()
FNDA:23,System.Int32 Ensek.Services.MeterReadingUploadResult::get_SuccessCount()
DA:8,23
LF:1
LH:1
BRF:0
BRH:0
FNF:1
FNH:1
end_of_record
SF:C:\Users\james\Visual Studio Projects\ensek\Ensek\Services\MeterReadingService.cs
FN:74,System.Boolean Ensek.Services.MeterReadingService::IsValidRow(Ensek.Services.MeterReadingRow)
FNDA:7,System.Boolean Ensek.Services.MeterReadingService::IsValidRow(Ensek.Services.MeterReadingRow)
DA:75,7
DA:76,7
DA:77,7
DA:78,7
DA:79,8
DA:80,6
DA:81,7
BRDA:76,7,0,0
BRDA:76,7,1,7
BRDA:77,27,0,0
BRDA:77,27,1,7
BRDA:78,46,0,0
BRDA:78,46,1,7
BRDA:79,75,0,1
BRDA:79,75,1,6
FN:10,System.Void Ensek.Services.MeterReadingService::.ctor(Ensek.Data.EnsekDbContext)
FNDA:7,System.Void Ensek.Services.MeterReadingService::.ctor(Ensek.Data.EnsekDbContext)
DA:11,7
DA:14,7
FN:12,System.Void Ensek.Services.MeterReadingService::.cctor()
FNDA:1,System.Void Ensek.Services.MeterReadingService::.cctor()
DA:13,1
FN:16,System.Void Ensek.Services.MeterReadingService/<UploadAsync>d__3::MoveNext()
FNDA:7,System.Void Ensek.Services.MeterReadingService/<UploadAsync>d__3::MoveNext()
DA:17,7
DA:18,7
DA:19,2
DA:21,10
DA:23,5
DA:24,5
DA:26,5
DA:27,5
DA:28,5
DA:29,5
DA:30,5
DA:31,5
DA:33,5
DA:35,5
DA:36,5
DA:37,5
DA:38,5
DA:40,5
DA:41,29
DA:42,7
DA:43,10
DA:45,6
DA:46,9
DA:48,5
DA:49,8
DA:51,4
DA:52,4
DA:53,4
DA:54,4
DA:55,4
DA:56,4
DA:58,4
DA:60,4
DA:61,4
DA:62,3
DA:63,3
DA:64,1
DA:65,1
DA:66,1
DA:67,1
DA:68,1
DA:69,4
DA:71,5
DA:72,7
BRDA:18,22,0,6
BRDA:18,22,1,1
BRDA:18,44,0,2
BRDA:18,44,1,5
BRDA:41,1673,1,7
BRDA:43,515,0,1
BRDA:43,515,1,6
BRDA:46,813,0,1
BRDA:46,813,1,5
BRDA:49,1212,0,1
BRDA:49,1212,1,4
BRDA:41,1673,0,5
FN:88,System.Int32 Ensek.Services.MeterReadingRow::get_AccountId()
FNDA:29,System.Int32 Ensek.Services.MeterReadingRow::get_AccountId()
DA:89,29
FN:89,System.DateTime Ensek.Services.MeterReadingRow::get_MeterReadingDateTime()
FNDA:16,System.DateTime Ensek.Services.MeterReadingRow::get_MeterReadingDateTime()
DA:90,16
FN:90,System.String Ensek.Services.MeterReadingRow::get_MeterReadValue()
FNDA:25,System.String Ensek.Services.MeterReadingRow::get_MeterReadValue()
DA:91,25
FN:95,System.Void Ensek.Services.MeterReadingRowMap::.ctor()
FNDA:5,System.Void Ensek.Services.MeterReadingRowMap::.ctor()
DA:96,5
DA:97,5
DA:98,5
DA:99,5
DA:100,5
DA:101,5
LF:63
LH:63
BRF:20
BRH:17
FNF:8
FNH:8
end_of_record
SF:C:\Users\james\Visual Studio Projects\ensek\Ensek\Domain\Account.cs
FN:4,System.Int32 Ensek.Domain.Account::get_Id()
FNDA:54,System.Int32 Ensek.Domain.Account::get_Id()
DA:5,54
FN:5,System.String Ensek.Domain.Account::get_FirstName()
FNDA:54,System.String Ensek.Domain.Account::get_FirstName()
DA:6,54
FN:6,System.String Ensek.Domain.Account::get_LastName()
FNDA:54,System.String Ensek.Domain.Account::get_LastName()
DA:7,54
FN:8,System.Collections.Generic.ICollection`1<Ensek.Domain.MeterReading> Ensek.Domain.Account::get_MeterReadings()
FNDA:243,System.Collections.Generic.ICollection`1<Ensek.Domain.MeterReading> Ensek.Domain.Account::get_MeterReadings()
DA:9,243
LF:4
LH:4
BRF:0
BRH:0
FNF:4
FNH:4
end_of_record
SF:C:\Users\james\Visual Studio Projects\ensek\Ensek\Domain\MeterReading.cs
FN:6,System.Guid Ensek.Domain.MeterReading::get_Id()
FNDA:4,System.Guid Ensek.Domain.MeterReading::get_Id()
DA:7,4
FN:9,System.String Ensek.Domain.MeterReading::get_MeterReadValue()
FNDA:8,System.String Ensek.Domain.MeterReading::get_MeterReadValue()
DA:10,8
FN:11,System.DateTime Ensek.Domain.MeterReading::get_ReadingDateTime()
FNDA:4,System.DateTime Ensek.Domain.MeterReading::get_ReadingDateTime()
DA:12,4
FN:13,System.Int32 Ensek.Domain.MeterReading::get_AccountId()
FNDA:4,System.Int32 Ensek.Domain.MeterReading::get_AccountId()
DA:14,4
FN:14,Ensek.Domain.Account Ensek.Domain.MeterReading::get_Account()
FNDA:0,Ensek.Domain.Account Ensek.Domain.MeterReading::get_Account()
DA:15,0
LF:5
LH:4
BRF:0
BRH:0
FNF:5
FNH:4
end_of_record
SF:C:\Users\james\Visual Studio Projects\ensek\Ensek\Data\EnsekDbContext.cs
FN:7,Microsoft.EntityFrameworkCore.DbSet`1<Ensek.Domain.Account> Ensek.Data.EnsekDbContext::get_Accounts()
FNDA:6,Microsoft.EntityFrameworkCore.DbSet`1<Ensek.Domain.Account> Ensek.Data.EnsekDbContext::get_Accounts()
DA:8,6
FN:8,Microsoft.EntityFrameworkCore.DbSet`1<Ensek.Domain.MeterReading> Ensek.Data.EnsekDbContext::get_MeterReadings()
FNDA:10,Microsoft.EntityFrameworkCore.DbSet`1<Ensek.Domain.MeterReading> Ensek.Data.EnsekDbContext::get_MeterReadings()
DA:9,10
FN:11,System.Void Ensek.Data.EnsekDbContext::OnModelCreating(Microsoft.EntityFrameworkCore.ModelBuilder)
FNDA:2,System.Void Ensek.Data.EnsekDbContext::OnModelCreating(Microsoft.EntityFrameworkCore.ModelBuilder)
DA:12,2
DA:13,2
DA:14,2
DA:15,2
DA:16,2
DA:17,2
DA:18,2
DA:19,2
DA:20,2
DA:21,2
DA:22,2
DA:23,2
DA:24,2
DA:25,2
DA:26,2
DA:27,2
DA:28,2
DA:29,2
DA:30,2
DA:31,2
DA:32,2
DA:33,2
DA:34,2
DA:35,2
DA:36,2
DA:37,2
DA:38,2
DA:39,2
DA:40,2
DA:41,2
DA:42,2
DA:43,2
DA:44,2
DA:45,2
DA:46,2
DA:47,2
DA:48,4
DA:50,2
DA:51,2
DA:52,2
DA:53,2
DA:54,2
DA:55,2
DA:56,2
DA:57,2
DA:58,2
DA:59,2
DA:60,4
DA:61,2
FN:5,System.Void Ensek.Data.EnsekDbContext::.ctor(Microsoft.EntityFrameworkCore.DbContextOptions`1<Ensek.Data.EnsekDbContext>)
FNDA:7,System.Void Ensek.Data.EnsekDbContext::.ctor(Microsoft.EntityFrameworkCore.DbContextOptions`1<Ensek.Data.EnsekDbContext>)
DA:6,7
LF:52
LH:52
BRF:0
BRH:0
FNF:4
FNH:4
end_of_record
SF:C:\Users\james\Visual Studio Projects\ensek\Ensek\Data\Migrations\20250818211844_InitialCreate.cs
FN:14,System.Void Ensek.Data.Migrations.InitialCreate::Up(Microsoft.EntityFrameworkCore.Migrations.MigrationBuilder)
FNDA:0,System.Void Ensek.Data.Migrations.InitialCreate::Up(Microsoft.EntityFrameworkCore.Migrations.MigrationBuilder)
DA:15,0
DA:16,0
DA:17,0
DA:18,0
DA:19,0
DA:20,0
DA:21,0
DA:22,0
DA:23,0
DA:24,0
DA:25,0
DA:26,0
DA:27,0
DA:29,0
DA:30,0
DA:31,0
DA:32,0
DA:33,0
DA:34,0
DA:35,0
DA:36,0
DA:37,0
DA:38,0
DA:39,0
DA:40,0
DA:41,0
DA:42,0
DA:43,0
DA:44,0
DA:45,0
DA:46,0
DA:47,0
DA:49,0
DA:50,0
DA:51,0
DA:52,0
DA:53,0
DA:54,0
DA:55,0
DA:56,0
DA:57,0
DA:58,0
DA:59,0
DA:60,0
DA:61,0
DA:62,0
DA:63,0
DA:64,0
DA:65,0
DA:66,0
DA:67,0
DA:68,0
DA:69,0
DA:70,0
DA:71,0
DA:72,0
DA:73,0
DA:74,0
DA:75,0
DA:76,0
DA:77,0
DA:78,0
DA:79,0
DA:80,0
DA:81,0
DA:83,0
DA:84,0
DA:85,0
DA:86,0
DA:87,0
DA:88,0
FN:91,System.Void Ensek.Data.Migrations.InitialCreate::Down(Microsoft.EntityFrameworkCore.Migrations.MigrationBuilder)
FNDA:0,System.Void Ensek.Data.Migrations.InitialCreate::Down(Microsoft.EntityFrameworkCore.Migrations.MigrationBuilder)
DA:92,0
DA:93,0
DA:94,0
DA:96,0
DA:97,0
DA:98,0
LF:77
LH:0
BRF:0
BRH:0
FNF:2
FNH:0
end_of_record
SF:C:\Users\james\Visual Studio Projects\ensek\Ensek\Data\Migrations\20250818211844_InitialCreate.Designer.cs
FN:19,System.Void Ensek.Data.Migrations.InitialCreate::BuildTargetModel(Microsoft.EntityFrameworkCore.ModelBuilder)
FNDA:0,System.Void Ensek.Data.Migrations.InitialCreate::BuildTargetModel(Microsoft.EntityFrameworkCore.ModelBuilder)
DA:20,0
DA:22,0
DA:23,0
DA:24,0
DA:26,0
DA:28,0
DA:29,0
DA:30,0
DA:31,0
DA:32,0
DA:33,0
DA:34,0
DA:35,0
DA:36,0
DA:37,0
DA:38,0
DA:39,0
DA:40,0
DA:41,0
DA:42,0
DA:43,0
DA:44,0
DA:45,0
DA:46,0
DA:47,0
DA:48,0
DA:49,0
DA:50,0
DA:51,0
DA:52,0
DA:53,0
DA:54,0
DA:55,0
DA:56,0
DA:57,0
DA:58,0
DA:59,0
DA:60,0
DA:61,0
DA:62,0
DA:63,0
DA:64,0
DA:65,0
DA:66,0
DA:67,0
DA:68,0
DA:69,0
DA:70,0
DA:71,0
DA:72,0
DA:73,0
DA:74,0
DA:75,0
DA:76,0
DA:77,0
DA:78,0
DA:79,0
DA:80,0
DA:81,0
DA:82,0
DA:83,0
DA:84,0
DA:85,0
DA:86,0
DA:87,0
DA:88,0
DA:89,0
DA:90,0
DA:91,0
DA:92,0
DA:93,0
DA:94,0
DA:95,0
DA:96,0
DA:97,0
DA:98,0
DA:99,0
DA:100,0
DA:101,0
DA:102,0
DA:103,0
DA:104,0
DA:105,0
DA:106,0
DA:107,0
DA:108,0
DA:109,0
DA:110,0
DA:111,0
DA:112,0
DA:113,0
DA:114,0
DA:115,0
DA:116,0
DA:117,0
DA:118,0
DA:119,0
DA:120,0
DA:121,0
DA:122,0
DA:123,0
DA:124,0
DA:125,0
DA:126,0
DA:127,0
DA:128,0
DA:129,0
DA:130,0
DA:131,0
DA:132,0
DA:133,0
DA:134,0
DA:135,0
DA:136,0
DA:137,0
DA:138,0
DA:139,0
DA:140,0
DA:141,0
DA:142,0
DA:143,0
DA:144,0
DA:145,0
DA:146,0
DA:147,0
DA:148,0
DA:149,0
DA:150,0
DA:151,0
DA:152,0
DA:153,0
DA:154,0
DA:155,0
DA:156,0
DA:157,0
DA:158,0
DA:159,0
DA:160,0
DA:161,0
DA:162,0
DA:163,0
DA:164,0
DA:165,0
DA:166,0
DA:167,0
DA:168,0
DA:169,0
DA:170,0
DA:171,0
DA:172,0
DA:173,0
DA:174,0
DA:175,0
DA:176,0
DA:177,0
DA:178,0
DA:179,0
DA:180,0
DA:181,0
DA:182,0
DA:183,0
DA:184,0
DA:185,0
DA:186,0
DA:187,0
DA:188,0
DA:189,0
DA:190,0
DA:191,0
DA:192,0
DA:193,0
DA:194,0
DA:195,0
DA:196,0
DA:197,0
DA:198,0
DA:199,0
DA:200,0
DA:201,0
DA:202,0
DA:203,0
DA:204,0
DA:205,0
DA:206,0
DA:207,0
DA:208,0
DA:210,0
DA:211,0
DA:212,0
DA:213,0
DA:214,0
DA:215,0
DA:216,0
DA:217,0
DA:218,0
DA:219,0
DA:220,0
DA:221,0
DA:222,0
DA:223,0
DA:224,0
DA:225,0
DA:226,0
DA:227,0
DA:228,0
DA:229,0
DA:230,0
DA:231,0
DA:232,0
DA:234,0
DA:235,0
DA:236,0
DA:237,0
DA:238,0
DA:239,0
DA:240,0
DA:241,0
DA:242,0
DA:243,0
DA:245,0
DA:246,0
DA:247,0
DA:248,0
DA:250,0
LF:224
LH:0
BRF:0
BRH:0
FNF:1
FNH:0
end_of_record
SF:C:\Users\james\Visual Studio Projects\ensek\Ensek\Data\Migrations\EnsekDbContextModelSnapshot.cs
FN:16,System.Void Ensek.Data.Migrations.EnsekDbContextModelSnapshot::BuildModel(Microsoft.EntityFrameworkCore.ModelBuilder)
FNDA:0,System.Void Ensek.Data.Migrations.EnsekDbContextModelSnapshot::BuildModel(Microsoft.EntityFrameworkCore.ModelBuilder)
DA:17,0
DA:19,0
DA:20,0
DA:21,0
DA:23,0
DA:25,0
DA:26,0
DA:27,0
DA:28,0
DA:29,0
DA:30,0
DA:31,0
DA:32,0
DA:33,0
DA:34,0
DA:35,0
DA:36,0
DA:37,0
DA:38,0
DA:39,0
DA:40,0
DA:41,0
DA:42,0
DA:43,0
DA:44,0
DA:45,0
DA:46,0
DA:47,0
DA:48,0
DA:49,0
DA:50,0
DA:51,0
DA:52,0
DA:53,0
DA:54,0
DA:55,0
DA:56,0
DA:57,0
DA:58,0
DA:59,0
DA:60,0
DA:61,0
DA:62,0
DA:63,0
DA:64,0
DA:65,0
DA:66,0
DA:67,0
DA:68,0
DA:69,0
DA:70,0
DA:71,0
DA:72,0
DA:73,0
DA:74,0
DA:75,0
DA:76,0
DA:77,0
DA:78,0
DA:79,0
DA:80,0
DA:81,0
DA:82,0
DA:83,0
DA:84,0
DA:85,0
DA:86,0
DA:87,0
DA:88,0
DA:89,0
DA:90,0
DA:91,0
DA:92,0
DA:93,0
DA:94,0
DA:95,0
DA:96,0
DA:97,0
DA:98,0
DA:99,0
DA:100,0
DA:101,0
DA:102,0
DA:103,0
DA:104,0
DA:105,0
DA:106,0
DA:107,0
DA:108,0
DA:109,0
DA:110,0
DA:111,0
DA:112,0
DA:113,0
DA:114,0
DA:115,0
DA:116,0
DA:117,0
DA:118,0
DA:119,0
DA:120,0
DA:121,0
DA:122,0
DA:123,0
DA:124,0
DA:125,0
DA:126,0
DA:127,0
DA:128,0
DA:129,0
DA:130,0
DA:131,0
DA:132,0
DA:133,0
DA:134,0
DA:135,0
DA:136,0
DA:137,0
DA:138,0
DA:139,0
DA:140,0
DA:141,0
DA:142,0
DA:143,0
DA:144,0
DA:145,0
DA:146,0
DA:147,0
DA:148,0
DA:149,0
DA:150,0
DA:151,0
DA:152,0
DA:153,0
DA:154,0
DA:155,0
DA:156,0
DA:157,0
DA:158,0
DA:159,0
DA:160,0
DA:161,0
DA:162,0
DA:163,0
DA:164,0
DA:165,0
DA:166,0
DA:167,0
DA:168,0
DA:169,0
DA:170,0
DA:171,0
DA:172,0
DA:173,0
DA:174,0
DA:175,0
DA:176,0
DA:177,0
DA:178,0
DA:179,0
DA:180,0
DA:181,0
DA:182,0
DA:183,0
DA:184,0
DA:185,0
DA:186,0
DA:187,0
DA:188,0
DA:189,0
DA:190,0
DA:191,0
DA:192,0
DA:193,0
DA:194,0
DA:195,0
DA:196,0
DA:197,0
DA:198,0
DA:199,0
DA:200,0
DA:201,0
DA:202,0
DA:203,0
DA:204,0
DA:205,0
DA:207,0
DA:208,0
DA:209,0
DA:210,0
DA:211,0
DA:212,0
DA:213,0
DA:214,0
DA:215,0
DA:216,0
DA:217,0
DA:218,0
DA:219,0
DA:220,0
DA:221,0
DA:222,0
DA:223,0
DA:224,0
DA:225,0
DA:226,0
DA:227,0
DA:228,0
DA:229,0
DA:231,0
DA:232,0
DA:233,0
DA:234,0
DA:235,0
DA:236,0
DA:237,0
DA:238,0
DA:239,0
DA:240,0
DA:242,0
DA:243,0
DA:244,0
DA:245,0
DA:247,0
LF:224
LH:0
BRF:0
BRH:0
FNF:1
FNH:0
end_of_record
SF:C:\Users\james\Visual Studio Projects\ensek\Ensek\Controllers\MeterReadingsController.cs
FN:8,System.Void Ensek.Controllers.MeterReadingsController::.ctor(Ensek.Services.IMeterReadingService)
FNDA:3,System.Void Ensek.Controllers.MeterReadingsController::.ctor(Ensek.Services.IMeterReadingService)
DA:9,3
DA:11,3
FN:18,System.Void Ensek.Controllers.MeterReadingsController/<Upload>d__2::MoveNext()
FNDA:3,System.Void Ensek.Controllers.MeterReadingsController/<Upload>d__2::MoveNext()
DA:19,3
DA:20,3
DA:21,1
DA:24,2
DA:25,2
DA:26,1
DA:28,1
DA:29,1
DA:30,3
BRDA:20,24,0,2
BRDA:20,24,1,1
BRDA:20,46,0,1
BRDA:20,46,1,2
BRDA:25,119,0,1
BRDA:25,119,1,1
LF:11
LH:11
BRF:6
BRH:6
FNF:2
FNH:2
end_of_record