<?xml version="1.0" encoding="utf-8"?>
<CoverageSession>
  <Summary numSequencePoints="751" visitedSequencePoints="184" numBranchPoints="58" visitedBranchPoints="40" sequenceCoverage="24.5" branchCoverage="68.96" maxCyclomaticComplexity="87" minCyclomaticComplexity="87" visitedClasses="15" numClasses="19" visitedMethods="31" numMethods="37" />
  <Modules>
    <Module hash="F9ECDD52-1B31-4D74-B397-0105FEC454B7">
      <ModulePath>Ensek.dll</ModulePath>
      <ModuleTime>2025-08-21T02:28:59</ModuleTime>
      <ModuleName>Ensek</ModuleName>
      <Files>
        <File uid="1" fullPath="C:\Users\james\Visual Studio Projects\ensek\Ensek\Program.cs" />
        <File uid="2" fullPath="C:\Users\james\Visual Studio Projects\ensek\Ensek\obj\Debug\net9.0\System.Text.RegularExpressions.Generator\System.Text.RegularExpressions.Generator.RegexGenerator\RegexGenerator.g.cs" />
        <File uid="3" fullPath="C:\Users\james\Visual Studio Projects\ensek\Ensek\Services\IMeterReadingService.cs" />
        <File uid="4" fullPath="C:\Users\james\Visual Studio Projects\ensek\Ensek\Services\MeterReadingService.cs" />
        <File uid="5" fullPath="C:\Users\james\Visual Studio Projects\ensek\Ensek\Domain\Account.cs" />
        <File uid="6" fullPath="C:\Users\james\Visual Studio Projects\ensek\Ensek\Domain\MeterReading.cs" />
        <File uid="7" fullPath="C:\Users\james\Visual Studio Projects\ensek\Ensek\Data\EnsekDbContext.cs" />
        <File uid="8" fullPath="C:\Users\james\Visual Studio Projects\ensek\Ensek\Data\Migrations\20250818211844_InitialCreate.cs" />
        <File uid="9" fullPath="C:\Users\james\Visual Studio Projects\ensek\Ensek\Data\Migrations\20250818211844_InitialCreate.Designer.cs" />
        <File uid="10" fullPath="C:\Users\james\Visual Studio Projects\ensek\Ensek\Data\Migrations\EnsekDbContextModelSnapshot.cs" />
        <File uid="11" fullPath="C:\Users\james\Visual Studio Projects\ensek\Ensek\Controllers\MeterReadingsController.cs" />
      </Files>
      <Classes>
        <Class>
          <Summary numSequencePoints="34" visitedSequencePoints="0" numBranchPoints="2" visitedBranchPoints="0" sequenceCoverage="0" branchCoverage="0" maxCyclomaticComplexity="2" minCyclomaticComplexity="2" visitedClasses="0" numClasses="1" visitedMethods="0" numMethods="1" />
          <FullName>Program</FullName>
          <Methods>
            <Method cyclomaticComplexity="2" nPathComplexity="2" sequenceCoverage="0" branchCoverage="0" isConstructor="False" isGetter="False" isSetter="False" isStatic="True">
              <Summary numSequencePoints="34" visitedSequencePoints="0" numBranchPoints="2" visitedBranchPoints="0" sequenceCoverage="0" branchCoverage="0" maxCyclomaticComplexity="2" minCyclomaticComplexity="2" visitedClasses="0" numClasses="0" visitedMethods="0" numMethods="1" />
              <MetadataToken />
              <Name>System.Void Program::&lt;Main&gt;$(System.String[])</Name>
              <FileRef uid="1" />
              <SequencePoints>
                <SequencePoint vc="0" uspid="5" ordinal="0" sl="5" sc="1" el="5" ec="2" bec="0" bev="0" fileid="1" />
                <SequencePoint vc="0" uspid="8" ordinal="1" sl="8" sc="1" el="8" ec="2" bec="0" bev="0" fileid="1" />
                <SequencePoint vc="0" uspid="9" ordinal="2" sl="9" sc="1" el="9" ec="2" bec="0" bev="0" fileid="1" />
                <SequencePoint vc="0" uspid="10" ordinal="3" sl="10" sc="1" el="10" ec="2" bec="0" bev="0" fileid="1" />
                <SequencePoint vc="0" uspid="11" ordinal="4" sl="11" sc="1" el="11" ec="2" bec="0" bev="0" fileid="1" />
                <SequencePoint vc="0" uspid="12" ordinal="5" sl="12" sc="1" el="12" ec="2" bec="0" bev="0" fileid="1" />
                <SequencePoint vc="0" uspid="13" ordinal="6" sl="13" sc="1" el="13" ec="2" bec="0" bev="0" fileid="1" />
                <SequencePoint vc="0" uspid="14" ordinal="7" sl="14" sc="1" el="14" ec="2" bec="0" bev="0" fileid="1" />
                <SequencePoint vc="0" uspid="15" ordinal="8" sl="15" sc="1" el="15" ec="2" bec="0" bev="0" fileid="1" />
                <SequencePoint vc="0" uspid="16" ordinal="9" sl="16" sc="1" el="16" ec="2" bec="0" bev="0" fileid="1" />
                <SequencePoint vc="0" uspid="17" ordinal="10" sl="17" sc="1" el="17" ec="2" bec="0" bev="0" fileid="1" />
                <SequencePoint vc="0" uspid="18" ordinal="11" sl="18" sc="1" el="18" ec="2" bec="0" bev="0" fileid="1" />
                <SequencePoint vc="0" uspid="19" ordinal="12" sl="19" sc="1" el="19" ec="2" bec="0" bev="0" fileid="1" />
                <SequencePoint vc="0" uspid="20" ordinal="13" sl="20" sc="1" el="20" ec="2" bec="0" bev="0" fileid="1" />
                <SequencePoint vc="0" uspid="23" ordinal="14" sl="23" sc="1" el="23" ec="2" bec="2" bev="0" fileid="1" />
                <SequencePoint vc="0" uspid="24" ordinal="15" sl="24" sc="1" el="24" ec="2" bec="0" bev="0" fileid="1" />
                <SequencePoint vc="0" uspid="25" ordinal="16" sl="25" sc="1" el="25" ec="2" bec="0" bev="0" fileid="1" />
                <SequencePoint vc="0" uspid="26" ordinal="17" sl="26" sc="1" el="26" ec="2" bec="0" bev="0" fileid="1" />
                <SequencePoint vc="0" uspid="29" ordinal="18" sl="29" sc="1" el="29" ec="2" bec="0" bev="0" fileid="1" />
                <SequencePoint vc="0" uspid="31" ordinal="19" sl="31" sc="1" el="31" ec="2" bec="0" bev="0" fileid="1" />
                <SequencePoint vc="0" uspid="34" ordinal="20" sl="34" sc="1" el="34" ec="2" bec="0" bev="0" fileid="1" />
                <SequencePoint vc="0" uspid="35" ordinal="21" sl="35" sc="1" el="35" ec="2" bec="0" bev="0" fileid="1" />
                <SequencePoint vc="0" uspid="36" ordinal="22" sl="36" sc="1" el="36" ec="2" bec="0" bev="0" fileid="1" />
                <SequencePoint vc="0" uspid="37" ordinal="23" sl="37" sc="1" el="37" ec="2" bec="0" bev="0" fileid="1" />
                <SequencePoint vc="0" uspid="38" ordinal="24" sl="38" sc="1" el="38" ec="2" bec="0" bev="0" fileid="1" />
                <SequencePoint vc="0" uspid="41" ordinal="25" sl="41" sc="1" el="41" ec="2" bec="0" bev="0" fileid="1" />
                <SequencePoint vc="0" uspid="42" ordinal="26" sl="42" sc="1" el="42" ec="2" bec="0" bev="0" fileid="1" />
                <SequencePoint vc="0" uspid="43" ordinal="27" sl="43" sc="1" el="43" ec="2" bec="0" bev="0" fileid="1" />
                <SequencePoint vc="0" uspid="44" ordinal="28" sl="44" sc="1" el="44" ec="2" bec="0" bev="0" fileid="1" />
                <SequencePoint vc="0" uspid="45" ordinal="29" sl="45" sc="1" el="45" ec="2" bec="0" bev="0" fileid="1" />
                <SequencePoint vc="0" uspid="47" ordinal="30" sl="47" sc="1" el="47" ec="2" bec="0" bev="0" fileid="1" />
                <SequencePoint vc="0" uspid="49" ordinal="31" sl="49" sc="1" el="49" ec="2" bec="0" bev="0" fileid="1" />
                <SequencePoint vc="0" uspid="51" ordinal="32" sl="51" sc="1" el="51" ec="2" bec="0" bev="0" fileid="1" />
                <SequencePoint vc="0" uspid="53" ordinal="33" sl="53" sc="1" el="53" ec="2" bec="0" bev="0" fileid="1" />
              </SequencePoints>
              <BranchPoints>
                <BranchPoint vc="0" uspid="23" ordinal="0" path="0" offset="98" offsetend="100" sl="23" fileid="1" />
                <BranchPoint vc="0" uspid="23" ordinal="1" path="1" offset="98" offsetend="106" sl="23" fileid="1" />
              </BranchPoints>
              <MethodPoint vc="0" uspid="0" p8:type="SequencePoint" ordinal="0" offset="0" sc="0" sl="5" ec="1" el="53" bec="0" bev="0" fileid="1" xmlns:p8="xsi" />
            </Method>
          </Methods>
        </Class>
        <Class>
          <Summary numSequencePoints="10" visitedSequencePoints="10" numBranchPoints="0" visitedBranchPoints="0" sequenceCoverage="100" branchCoverage="100" maxCyclomaticComplexity="1" minCyclomaticComplexity="1" visitedClasses="1" numClasses="1" visitedMethods="2" numMethods="2" />
          <FullName>System.Text.RegularExpressions.Generated.&lt;RegexGenerator_g&gt;F6F33F256E80B46980CC0A7CD61DC5FB75C4F3C2AB34F1FDEDA2F34ED0A047E0F__MyRegex_0</FullName>
          <Methods>
            <Method cyclomaticComplexity="1" nPathComplexity="1" sequenceCoverage="100" branchCoverage="100" isConstructor="True" isGetter="False" isSetter="False" isStatic="True">
              <Summary numSequencePoints="9" visitedSequencePoints="9" numBranchPoints="0" visitedBranchPoints="0" sequenceCoverage="100" branchCoverage="100" maxCyclomaticComplexity="1" minCyclomaticComplexity="1" visitedClasses="0" numClasses="0" visitedMethods="1" numMethods="1" />
              <MetadataToken />
              <Name>System.Void System.Text.RegularExpressions.Generated.&lt;RegexGenerator_g&gt;F6F33F256E80B46980CC0A7CD61DC5FB75C4F3C2AB34F1FDEDA2F34ED0A047E0F__MyRegex_0::.ctor()</Name>
              <FileRef uid="2" />
              <SequencePoints>
                <SequencePoint vc="1" uspid="48" ordinal="0" sl="48" sc="1" el="48" ec="2" bec="0" bev="0" fileid="2" />
                <SequencePoint vc="1" uspid="49" ordinal="1" sl="49" sc="1" el="49" ec="2" bec="0" bev="0" fileid="2" />
                <SequencePoint vc="1" uspid="50" ordinal="2" sl="50" sc="1" el="50" ec="2" bec="0" bev="0" fileid="2" />
                <SequencePoint vc="1" uspid="51" ordinal="3" sl="51" sc="1" el="51" ec="2" bec="0" bev="0" fileid="2" />
                <SequencePoint vc="1" uspid="52" ordinal="4" sl="52" sc="1" el="52" ec="2" bec="0" bev="0" fileid="2" />
                <SequencePoint vc="1" uspid="53" ordinal="5" sl="53" sc="1" el="53" ec="2" bec="0" bev="0" fileid="2" />
                <SequencePoint vc="1" uspid="54" ordinal="6" sl="54" sc="1" el="54" ec="2" bec="0" bev="0" fileid="2" />
                <SequencePoint vc="1" uspid="55" ordinal="7" sl="55" sc="1" el="55" ec="2" bec="0" bev="0" fileid="2" />
                <SequencePoint vc="1" uspid="56" ordinal="8" sl="56" sc="1" el="56" ec="2" bec="0" bev="0" fileid="2" />
              </SequencePoints>
              <BranchPoints />
              <MethodPoint vc="9" uspid="0" p8:type="SequencePoint" ordinal="0" offset="0" sc="0" sl="48" ec="1" el="56" bec="0" bev="0" fileid="2" xmlns:p8="xsi" />
            </Method>
            <Method cyclomaticComplexity="1" nPathComplexity="1" sequenceCoverage="100" branchCoverage="100" isConstructor="True" isGetter="False" isSetter="False" isStatic="True">
              <Summary numSequencePoints="1" visitedSequencePoints="1" numBranchPoints="0" visitedBranchPoints="0" sequenceCoverage="100" branchCoverage="100" maxCyclomaticComplexity="1" minCyclomaticComplexity="1" visitedClasses="0" numClasses="0" visitedMethods="1" numMethods="1" />
              <MetadataToken />
              <Name>System.Void System.Text.RegularExpressions.Generated.&lt;RegexGenerator_g&gt;F6F33F256E80B46980CC0A7CD61DC5FB75C4F3C2AB34F1FDEDA2F34ED0A047E0F__MyRegex_0::.cctor()</Name>
              <FileRef uid="2" />
              <SequencePoints>
                <SequencePoint vc="1" uspid="45" ordinal="0" sl="45" sc="1" el="45" ec="2" bec="0" bev="0" fileid="2" />
              </SequencePoints>
              <BranchPoints />
              <MethodPoint vc="1" uspid="0" p8:type="SequencePoint" ordinal="1" offset="1" sc="0" sl="45" ec="1" el="45" bec="0" bev="0" fileid="2" xmlns:p8="xsi" />
            </Method>
          </Methods>
        </Class>
        <Class>
          <Summary numSequencePoints="1" visitedSequencePoints="1" numBranchPoints="0" visitedBranchPoints="0" sequenceCoverage="100" branchCoverage="100" maxCyclomaticComplexity="1" minCyclomaticComplexity="1" visitedClasses="1" numClasses="1" visitedMethods="1" numMethods="1" />
          <FullName>System.Text.RegularExpressions.Generated.&lt;RegexGenerator_g&gt;F6F33F256E80B46980CC0A7CD61DC5FB75C4F3C2AB34F1FDEDA2F34ED0A047E0F__MyRegex_0/RunnerFactory</FullName>
          <Methods>
            <Method cyclomaticComplexity="1" nPathComplexity="1" sequenceCoverage="100" branchCoverage="100" isConstructor="True" isGetter="False" isSetter="False" isStatic="True">
              <Summary numSequencePoints="1" visitedSequencePoints="1" numBranchPoints="0" visitedBranchPoints="0" sequenceCoverage="100" branchCoverage="100" maxCyclomaticComplexity="1" minCyclomaticComplexity="1" visitedClasses="0" numClasses="0" visitedMethods="1" numMethods="1" />
              <MetadataToken />
              <Name>System.Text.RegularExpressions.RegexRunner System.Text.RegularExpressions.Generated.&lt;RegexGenerator_g&gt;F6F33F256E80B46980CC0A7CD61DC5FB75C4F3C2AB34F1FDEDA2F34ED0A047E0F__MyRegex_0/RunnerFactory::CreateInstance()</Name>
              <FileRef uid="2" />
              <SequencePoints>
                <SequencePoint vc="1" uspid="62" ordinal="0" sl="62" sc="1" el="62" ec="2" bec="0" bev="0" fileid="2" />
              </SequencePoints>
              <BranchPoints />
              <MethodPoint vc="1" uspid="0" p8:type="SequencePoint" ordinal="0" offset="0" sc="0" sl="62" ec="1" el="62" bec="0" bev="0" fileid="2" xmlns:p8="xsi" />
            </Method>
          </Methods>
        </Class>
        <Class>
          <Summary numSequencePoints="42" visitedSequencePoints="35" numBranchPoints="28" visitedBranchPoints="16" sequenceCoverage="83.33" branchCoverage="57.14" maxCyclomaticComplexity="20" minCyclomaticComplexity="4" visitedClasses="1" numClasses="1" visitedMethods="3" numMethods="3" />
          <FullName>System.Text.RegularExpressions.Generated.&lt;RegexGenerator_g&gt;F6F33F256E80B46980CC0A7CD61DC5FB75C4F3C2AB34F1FDEDA2F34ED0A047E0F__MyRegex_0/RunnerFactory/Runner</FullName>
          <Methods>
            <Method cyclomaticComplexity="4" nPathComplexity="4" sequenceCoverage="100" branchCoverage="75" isConstructor="True" isGetter="False" isSetter="False" isStatic="True">
              <Summary numSequencePoints="6" visitedSequencePoints="6" numBranchPoints="4" visitedBranchPoints="3" sequenceCoverage="100" branchCoverage="75" maxCyclomaticComplexity="4" minCyclomaticComplexity="4" visitedClasses="0" numClasses="0" visitedMethods="1" numMethods="1" />
              <MetadataToken />
              <Name>System.Void System.Text.RegularExpressions.Generated.&lt;RegexGenerator_g&gt;F6F33F256E80B46980CC0A7CD61DC5FB75C4F3C2AB34F1FDEDA2F34ED0A047E0F__MyRegex_0/RunnerFactory/Runner::Scan(System.ReadOnlySpan`1&lt;System.Char&gt;)</Name>
              <FileRef uid="2" />
              <SequencePoints>
                <SequencePoint vc="7" uspid="70" ordinal="0" sl="70" sc="1" el="70" ec="2" bec="0" bev="0" fileid="2" />
                <SequencePoint vc="7" uspid="72" ordinal="1" sl="72" sc="1" el="72" ec="2" bec="4" bev="3" fileid="2" />
                <SequencePoint vc="1" uspid="73" ordinal="2" sl="73" sc="1" el="73" ec="2" bec="0" bev="0" fileid="2" />
                <SequencePoint vc="1" uspid="74" ordinal="3" sl="74" sc="1" el="74" ec="2" bec="0" bev="0" fileid="2" />
                <SequencePoint vc="1" uspid="75" ordinal="4" sl="75" sc="1" el="75" ec="2" bec="0" bev="0" fileid="2" />
                <SequencePoint vc="7" uspid="76" ordinal="5" sl="76" sc="1" el="76" ec="2" bec="0" bev="0" fileid="2" />
              </SequencePoints>
              <BranchPoints>
                <BranchPoint vc="7" uspid="72" ordinal="0" path="0" offset="8" offsetend="10" sl="72" fileid="2" />
                <BranchPoint vc="0" uspid="72" ordinal="1" path="1" offset="8" offsetend="22" sl="72" fileid="2" />
                <BranchPoint vc="1" uspid="72" ordinal="2" path="0" offset="25" offsetend="27" sl="72" fileid="2" />
                <BranchPoint vc="7" uspid="72" ordinal="3" path="1" offset="25" offsetend="42" sl="72" fileid="2" />
              </BranchPoints>
              <MethodPoint vc="6" uspid="0" p8:type="SequencePoint" ordinal="0" offset="0" sc="0" sl="70" ec="1" el="76" bec="0" bev="0" fileid="2" xmlns:p8="xsi" />
            </Method>
            <Method cyclomaticComplexity="4" nPathComplexity="4" sequenceCoverage="72.72" branchCoverage="50" isConstructor="True" isGetter="False" isSetter="False" isStatic="True">
              <Summary numSequencePoints="11" visitedSequencePoints="8" numBranchPoints="4" visitedBranchPoints="2" sequenceCoverage="72.72" branchCoverage="50" maxCyclomaticComplexity="4" minCyclomaticComplexity="4" visitedClasses="0" numClasses="0" visitedMethods="1" numMethods="1" />
              <MetadataToken />
              <Name>System.Boolean System.Text.RegularExpressions.Generated.&lt;RegexGenerator_g&gt;F6F33F256E80B46980CC0A7CD61DC5FB75C4F3C2AB34F1FDEDA2F34ED0A047E0F__MyRegex_0/RunnerFactory/Runner::TryFindNextPossibleStartingPosition(System.ReadOnlySpan`1&lt;System.Char&gt;)</Name>
              <FileRef uid="2" />
              <SequencePoints>
                <SequencePoint vc="7" uspid="82" ordinal="0" sl="82" sc="1" el="82" ec="2" bec="0" bev="0" fileid="2" />
                <SequencePoint vc="7" uspid="83" ordinal="1" sl="83" sc="1" el="83" ec="2" bec="0" bev="0" fileid="2" />
                <SequencePoint vc="7" uspid="86" ordinal="2" sl="86" sc="1" el="86" ec="2" bec="2" bev="1" fileid="2" />
                <SequencePoint vc="7" uspid="87" ordinal="3" sl="87" sc="1" el="87" ec="2" bec="0" bev="0" fileid="2" />
                <SequencePoint vc="7" uspid="89" ordinal="4" sl="89" sc="1" el="89" ec="2" bec="2" bev="1" fileid="2" />
                <SequencePoint vc="7" uspid="90" ordinal="5" sl="90" sc="1" el="90" ec="2" bec="0" bev="0" fileid="2" />
                <SequencePoint vc="7" uspid="91" ordinal="6" sl="91" sc="1" el="91" ec="2" bec="0" bev="0" fileid="2" />
                <SequencePoint vc="0" uspid="93" ordinal="7" sl="93" sc="1" el="93" ec="2" bec="0" bev="0" fileid="2" />
                <SequencePoint vc="0" uspid="96" ordinal="8" sl="96" sc="1" el="96" ec="2" bec="0" bev="0" fileid="2" />
                <SequencePoint vc="0" uspid="97" ordinal="9" sl="97" sc="1" el="97" ec="2" bec="0" bev="0" fileid="2" />
                <SequencePoint vc="7" uspid="98" ordinal="10" sl="98" sc="1" el="98" ec="2" bec="0" bev="0" fileid="2" />
              </SequencePoints>
              <BranchPoints>
                <BranchPoint vc="7" uspid="86" ordinal="0" path="0" offset="25" offsetend="27" sl="86" fileid="2" />
                <BranchPoint vc="7" uspid="89" ordinal="2" path="0" offset="34" offsetend="36" sl="89" fileid="2" />
                <BranchPoint vc="0" uspid="89" ordinal="3" path="1" offset="34" offsetend="41" sl="89" fileid="2" />
                <BranchPoint vc="0" uspid="86" ordinal="1" path="1" offset="25" offsetend="42" sl="86" fileid="2" />
              </BranchPoints>
              <MethodPoint vc="8" uspid="0" p8:type="SequencePoint" ordinal="1" offset="1" sc="0" sl="82" ec="1" el="98" bec="0" bev="0" fileid="2" xmlns:p8="xsi" />
            </Method>
            <Method cyclomaticComplexity="20" nPathComplexity="20" sequenceCoverage="84" branchCoverage="55" isConstructor="True" isGetter="False" isSetter="False" isStatic="True">
              <Summary numSequencePoints="25" visitedSequencePoints="21" numBranchPoints="20" visitedBranchPoints="11" sequenceCoverage="84" branchCoverage="55" maxCyclomaticComplexity="20" minCyclomaticComplexity="20" visitedClasses="0" numClasses="0" visitedMethods="1" numMethods="1" />
              <MetadataToken />
              <Name>System.Boolean System.Text.RegularExpressions.Generated.&lt;RegexGenerator_g&gt;F6F33F256E80B46980CC0A7CD61DC5FB75C4F3C2AB34F1FDEDA2F34ED0A047E0F__MyRegex_0/RunnerFactory/Runner::TryMatchAtCurrentPosition(System.ReadOnlySpan`1&lt;System.Char&gt;)</Name>
              <FileRef uid="2" />
              <SequencePoints>
                <SequencePoint vc="7" uspid="104" ordinal="0" sl="104" sc="1" el="104" ec="2" bec="0" bev="0" fileid="2" />
                <SequencePoint vc="7" uspid="105" ordinal="1" sl="105" sc="1" el="105" ec="2" bec="0" bev="0" fileid="2" />
                <SequencePoint vc="7" uspid="106" ordinal="2" sl="106" sc="1" el="106" ec="2" bec="0" bev="0" fileid="2" />
                <SequencePoint vc="7" uspid="107" ordinal="3" sl="107" sc="1" el="107" ec="2" bec="0" bev="0" fileid="2" />
                <SequencePoint vc="7" uspid="110" ordinal="4" sl="110" sc="1" el="110" ec="2" bec="2" bev="1" fileid="2" />
                <SequencePoint vc="0" uspid="111" ordinal="5" sl="111" sc="1" el="111" ec="2" bec="0" bev="0" fileid="2" />
                <SequencePoint vc="0" uspid="112" ordinal="6" sl="112" sc="1" el="112" ec="2" bec="0" bev="0" fileid="2" />
                <SequencePoint vc="7" uspid="116" ordinal="7" sl="116" sc="1" el="116" ec="2" bec="0" bev="0" fileid="2" />
                <SequencePoint vc="7" uspid="117" ordinal="8" sl="117" sc="1" el="117" ec="2" bec="12" bev="7" fileid="2" />
                <SequencePoint vc="7" uspid="118" ordinal="9" sl="118" sc="1" el="118" ec="2" bec="0" bev="0" fileid="2" />
                <SequencePoint vc="7" uspid="119" ordinal="10" sl="119" sc="1" el="119" ec="2" bec="0" bev="0" fileid="2" />
                <SequencePoint vc="7" uspid="120" ordinal="11" sl="120" sc="1" el="120" ec="2" bec="0" bev="0" fileid="2" />
                <SequencePoint vc="7" uspid="121" ordinal="12" sl="121" sc="1" el="121" ec="2" bec="0" bev="0" fileid="2" />
                <SequencePoint vc="7" uspid="122" ordinal="13" sl="122" sc="1" el="122" ec="2" bec="0" bev="0" fileid="2" />
                <SequencePoint vc="1" uspid="123" ordinal="14" sl="123" sc="1" el="123" ec="2" bec="0" bev="0" fileid="2" />
                <SequencePoint vc="1" uspid="124" ordinal="15" sl="124" sc="1" el="124" ec="2" bec="0" bev="0" fileid="2" />
                <SequencePoint vc="6" uspid="126" ordinal="16" sl="126" sc="1" el="126" ec="2" bec="0" bev="0" fileid="2" />
                <SequencePoint vc="6" uspid="129" ordinal="17" sl="129" sc="1" el="129" ec="2" bec="6" bev="3" fileid="2" />
                <SequencePoint vc="0" uspid="130" ordinal="18" sl="130" sc="1" el="130" ec="2" bec="0" bev="0" fileid="2" />
                <SequencePoint vc="0" uspid="131" ordinal="19" sl="131" sc="1" el="131" ec="2" bec="0" bev="0" fileid="2" />
                <SequencePoint vc="6" uspid="135" ordinal="20" sl="135" sc="1" el="135" ec="2" bec="0" bev="0" fileid="2" />
                <SequencePoint vc="6" uspid="136" ordinal="21" sl="136" sc="1" el="136" ec="2" bec="0" bev="0" fileid="2" />
                <SequencePoint vc="6" uspid="137" ordinal="22" sl="137" sc="1" el="137" ec="2" bec="0" bev="0" fileid="2" />
                <SequencePoint vc="6" uspid="138" ordinal="23" sl="138" sc="1" el="138" ec="2" bec="0" bev="0" fileid="2" />
                <SequencePoint vc="7" uspid="139" ordinal="24" sl="139" sc="1" el="139" ec="2" bec="0" bev="0" fileid="2" />
              </SequencePoints>
              <BranchPoints>
                <BranchPoint vc="0" uspid="110" ordinal="0" path="0" offset="25" offsetend="27" sl="110" fileid="2" />
                <BranchPoint vc="7" uspid="110" ordinal="1" path="1" offset="25" offsetend="36" sl="110" fileid="2" />
                <BranchPoint vc="7" uspid="117" ordinal="2" path="0" offset="45" offsetend="47" sl="117" fileid="2" />
                <BranchPoint vc="7" uspid="117" ordinal="4" path="0" offset="61" offsetend="63" sl="117" fileid="2" />
                <BranchPoint vc="7" uspid="117" ordinal="6" path="0" offset="77" offsetend="79" sl="117" fileid="2" />
                <BranchPoint vc="7" uspid="117" ordinal="8" path="0" offset="93" offsetend="95" sl="117" fileid="2" />
                <BranchPoint vc="7" uspid="117" ordinal="10" path="0" offset="109" offsetend="111" sl="117" fileid="2" />
                <BranchPoint vc="0" uspid="117" ordinal="3" path="1" offset="45" offsetend="130" sl="117" fileid="2" />
                <BranchPoint vc="0" uspid="117" ordinal="5" path="1" offset="61" offsetend="130" sl="117" fileid="2" />
                <BranchPoint vc="0" uspid="117" ordinal="7" path="1" offset="77" offsetend="130" sl="117" fileid="2" />
                <BranchPoint vc="0" uspid="117" ordinal="9" path="1" offset="93" offsetend="130" sl="117" fileid="2" />
                <BranchPoint vc="0" uspid="117" ordinal="11" path="1" offset="109" offsetend="130" sl="117" fileid="2" />
                <BranchPoint vc="1" uspid="117" ordinal="12" path="0" offset="135" offsetend="137" sl="117" fileid="2" />
                <BranchPoint vc="6" uspid="117" ordinal="13" path="1" offset="135" offsetend="143" sl="117" fileid="2" />
                <BranchPoint vc="6" uspid="129" ordinal="14" path="0" offset="152" offsetend="154" sl="129" fileid="2" />
                <BranchPoint vc="0" uspid="129" ordinal="16" path="0" offset="162" offsetend="164" sl="129" fileid="2" />
                <BranchPoint vc="6" uspid="129" ordinal="17" path="1" offset="162" offsetend="182" sl="129" fileid="2" />
                <BranchPoint vc="0" uspid="129" ordinal="15" path="1" offset="152" offsetend="185" sl="129" fileid="2" />
                <BranchPoint vc="0" uspid="129" ordinal="18" path="0" offset="190" offsetend="192" sl="129" fileid="2" />
                <BranchPoint vc="6" uspid="129" ordinal="19" path="1" offset="190" offsetend="198" sl="129" fileid="2" />
              </BranchPoints>
              <MethodPoint vc="21" uspid="0" p8:type="SequencePoint" ordinal="2" offset="2" sc="0" sl="104" ec="1" el="139" bec="0" bev="0" fileid="2" xmlns:p8="xsi" />
            </Method>
          </Methods>
        </Class>
        <Class>
          <Summary numSequencePoints="2" visitedSequencePoints="2" numBranchPoints="2" visitedBranchPoints="1" sequenceCoverage="100" branchCoverage="50" maxCyclomaticComplexity="2" minCyclomaticComplexity="2" visitedClasses="1" numClasses="1" visitedMethods="1" numMethods="1" />
          <FullName>System.Text.RegularExpressions.Generated.&lt;RegexGenerator_g&gt;F6F33F256E80B46980CC0A7CD61DC5FB75C4F3C2AB34F1FDEDA2F34ED0A047E0F__Utilities</FullName>
          <Methods>
            <Method cyclomaticComplexity="2" nPathComplexity="2" sequenceCoverage="100" branchCoverage="50" isConstructor="True" isGetter="False" isSetter="False" isStatic="True">
              <Summary numSequencePoints="2" visitedSequencePoints="2" numBranchPoints="2" visitedBranchPoints="1" sequenceCoverage="100" branchCoverage="50" maxCyclomaticComplexity="2" minCyclomaticComplexity="2" visitedClasses="0" numClasses="0" visitedMethods="1" numMethods="1" />
              <MetadataToken />
              <Name>System.Void System.Text.RegularExpressions.Generated.&lt;RegexGenerator_g&gt;F6F33F256E80B46980CC0A7CD61DC5FB75C4F3C2AB34F1FDEDA2F34ED0A047E0F__Utilities::.cctor()</Name>
              <FileRef uid="2" />
              <SequencePoints>
                <SequencePoint vc="1" uspid="150" ordinal="0" sl="150" sc="1" el="150" ec="2" bec="2" bev="1" fileid="2" />
                <SequencePoint vc="1" uspid="153" ordinal="1" sl="153" sc="1" el="153" ec="2" bec="0" bev="0" fileid="2" />
              </SequencePoints>
              <BranchPoints>
                <BranchPoint vc="0" uspid="150" ordinal="0" path="0" offset="17" offsetend="19" sl="150" fileid="2" />
                <BranchPoint vc="1" uspid="150" ordinal="1" path="1" offset="17" offsetend="28" sl="150" fileid="2" />
              </BranchPoints>
              <MethodPoint vc="2" uspid="0" p8:type="SequencePoint" ordinal="0" offset="0" sc="0" sl="150" ec="1" el="153" bec="0" bev="0" fileid="2" xmlns:p8="xsi" />
            </Method>
          </Methods>
        </Class>
        <Class>
          <Summary numSequencePoints="1" visitedSequencePoints="1" numBranchPoints="0" visitedBranchPoints="0" sequenceCoverage="100" branchCoverage="100" maxCyclomaticComplexity="1" minCyclomaticComplexity="1" visitedClasses="1" numClasses="1" visitedMethods="1" numMethods="1" />
          <FullName>Ensek.Services.MeterReadingService</FullName>
          <Methods>
            <Method cyclomaticComplexity="1" nPathComplexity="1" sequenceCoverage="100" branchCoverage="100" isConstructor="False" isGetter="False" isSetter="False" isStatic="True">
              <Summary numSequencePoints="1" visitedSequencePoints="1" numBranchPoints="0" visitedBranchPoints="0" sequenceCoverage="100" branchCoverage="100" maxCyclomaticComplexity="1" minCyclomaticComplexity="1" visitedClasses="0" numClasses="0" visitedMethods="1" numMethods="1" />
              <MetadataToken />
              <Name>System.Text.RegularExpressions.Regex Ensek.Services.MeterReadingService::MyRegex()</Name>
              <FileRef uid="2" />
              <SequencePoints>
                <SequencePoint vc="1" uspid="24" ordinal="0" sl="24" sc="1" el="24" ec="2" bec="0" bev="0" fileid="2" />
              </SequencePoints>
              <BranchPoints />
              <MethodPoint vc="1" uspid="0" p8:type="SequencePoint" ordinal="0" offset="0" sc="0" sl="24" ec="1" el="24" bec="0" bev="0" fileid="2" xmlns:p8="xsi" />
            </Method>
          </Methods>
        </Class>
        <Class>
          <Summary numSequencePoints="1" visitedSequencePoints="1" numBranchPoints="0" visitedBranchPoints="0" sequenceCoverage="100" branchCoverage="100" maxCyclomaticComplexity="1" minCyclomaticComplexity="1" visitedClasses="1" numClasses="1" visitedMethods="1" numMethods="1" />
          <FullName>Ensek.Services.MeterReadingUploadResult</FullName>
          <Methods>
            <Method cyclomaticComplexity="1" nPathComplexity="1" sequenceCoverage="100" branchCoverage="100" isConstructor="False" isGetter="True" isSetter="False" isStatic="True">
              <Summary numSequencePoints="1" visitedSequencePoints="1" numBranchPoints="0" visitedBranchPoints="0" sequenceCoverage="100" branchCoverage="100" maxCyclomaticComplexity="1" minCyclomaticComplexity="1" visitedClasses="0" numClasses="0" visitedMethods="1" numMethods="1" />
              <MetadataToken />
              <Name>System.Int32 Ensek.Services.MeterReadingUploadResult::get_SuccessCount()</Name>
              <FileRef uid="3" />
              <SequencePoints>
                <SequencePoint vc="23" uspid="8" ordinal="0" sl="8" sc="1" el="8" ec="2" bec="0" bev="0" fileid="3" />
              </SequencePoints>
              <BranchPoints />
              <MethodPoint vc="1" uspid="0" p8:type="SequencePoint" ordinal="0" offset="0" sc="0" sl="8" ec="1" el="8" bec="0" bev="0" fileid="3" xmlns:p8="xsi" />
            </Method>
          </Methods>
        </Class>
        <Class>
          <Summary numSequencePoints="10" visitedSequencePoints="10" numBranchPoints="8" visitedBranchPoints="5" sequenceCoverage="100" branchCoverage="62.5" maxCyclomaticComplexity="8" minCyclomaticComplexity="1" visitedClasses="1" numClasses="1" visitedMethods="3" numMethods="3" />
          <FullName>Ensek.Services.MeterReadingService</FullName>
          <Methods>
            <Method cyclomaticComplexity="8" nPathComplexity="8" sequenceCoverage="100" branchCoverage="62.5" isConstructor="False" isGetter="False" isSetter="False" isStatic="True">
              <Summary numSequencePoints="7" visitedSequencePoints="7" numBranchPoints="8" visitedBranchPoints="5" sequenceCoverage="100" branchCoverage="62.5" maxCyclomaticComplexity="8" minCyclomaticComplexity="8" visitedClasses="0" numClasses="0" visitedMethods="1" numMethods="1" />
              <MetadataToken />
              <Name>System.Boolean Ensek.Services.MeterReadingService::IsValidRow(Ensek.Services.MeterReadingRow)</Name>
              <FileRef uid="4" />
              <SequencePoints>
                <SequencePoint vc="7" uspid="75" ordinal="0" sl="75" sc="1" el="75" ec="2" bec="0" bev="0" fileid="4" />
                <SequencePoint vc="7" uspid="76" ordinal="1" sl="76" sc="1" el="76" ec="2" bec="2" bev="1" fileid="4" />
                <SequencePoint vc="7" uspid="77" ordinal="2" sl="77" sc="1" el="77" ec="2" bec="2" bev="1" fileid="4" />
                <SequencePoint vc="7" uspid="78" ordinal="3" sl="78" sc="1" el="78" ec="2" bec="2" bev="1" fileid="4" />
                <SequencePoint vc="8" uspid="79" ordinal="4" sl="79" sc="1" el="79" ec="2" bec="2" bev="2" fileid="4" />
                <SequencePoint vc="6" uspid="80" ordinal="5" sl="80" sc="1" el="80" ec="2" bec="0" bev="0" fileid="4" />
                <SequencePoint vc="7" uspid="81" ordinal="6" sl="81" sc="1" el="81" ec="2" bec="0" bev="0" fileid="4" />
              </SequencePoints>
              <BranchPoints>
                <BranchPoint vc="0" uspid="76" ordinal="0" path="0" offset="7" offsetend="9" sl="76" fileid="4" />
                <BranchPoint vc="7" uspid="76" ordinal="1" path="1" offset="7" offsetend="13" sl="76" fileid="4" />
                <BranchPoint vc="0" uspid="77" ordinal="2" path="0" offset="27" offsetend="29" sl="77" fileid="4" />
                <BranchPoint vc="7" uspid="77" ordinal="3" path="1" offset="27" offsetend="33" sl="77" fileid="4" />
                <BranchPoint vc="0" uspid="78" ordinal="4" path="0" offset="46" offsetend="48" sl="78" fileid="4" />
                <BranchPoint vc="7" uspid="78" ordinal="5" path="1" offset="46" offsetend="52" sl="78" fileid="4" />
                <BranchPoint vc="1" uspid="79" ordinal="6" path="0" offset="75" offsetend="77" sl="79" fileid="4" />
                <BranchPoint vc="6" uspid="79" ordinal="7" path="1" offset="75" offsetend="81" sl="79" fileid="4" />
              </BranchPoints>
              <MethodPoint vc="7" uspid="0" p8:type="SequencePoint" ordinal="0" offset="0" sc="0" sl="75" ec="1" el="81" bec="0" bev="0" fileid="4" xmlns:p8="xsi" />
            </Method>
            <Method cyclomaticComplexity="1" nPathComplexity="1" sequenceCoverage="100" branchCoverage="100" isConstructor="True" isGetter="False" isSetter="False" isStatic="True">
              <Summary numSequencePoints="2" visitedSequencePoints="2" numBranchPoints="0" visitedBranchPoints="0" sequenceCoverage="100" branchCoverage="100" maxCyclomaticComplexity="1" minCyclomaticComplexity="1" visitedClasses="0" numClasses="0" visitedMethods="1" numMethods="1" />
              <MetadataToken />
              <Name>System.Void Ensek.Services.MeterReadingService::.ctor(Ensek.Data.EnsekDbContext)</Name>
              <FileRef uid="4" />
              <SequencePoints>
                <SequencePoint vc="7" uspid="11" ordinal="0" sl="11" sc="1" el="11" ec="2" bec="0" bev="0" fileid="4" />
                <SequencePoint vc="7" uspid="14" ordinal="1" sl="14" sc="1" el="14" ec="2" bec="0" bev="0" fileid="4" />
              </SequencePoints>
              <BranchPoints />
              <MethodPoint vc="2" uspid="0" p8:type="SequencePoint" ordinal="1" offset="1" sc="0" sl="11" ec="1" el="14" bec="0" bev="0" fileid="4" xmlns:p8="xsi" />
            </Method>
            <Method cyclomaticComplexity="1" nPathComplexity="1" sequenceCoverage="100" branchCoverage="100" isConstructor="True" isGetter="False" isSetter="False" isStatic="True">
              <Summary numSequencePoints="1" visitedSequencePoints="1" numBranchPoints="0" visitedBranchPoints="0" sequenceCoverage="100" branchCoverage="100" maxCyclomaticComplexity="1" minCyclomaticComplexity="1" visitedClasses="0" numClasses="0" visitedMethods="1" numMethods="1" />
              <MetadataToken />
              <Name>System.Void Ensek.Services.MeterReadingService::.cctor()</Name>
              <FileRef uid="4" />
              <SequencePoints>
                <SequencePoint vc="1" uspid="13" ordinal="0" sl="13" sc="1" el="13" ec="2" bec="0" bev="0" fileid="4" />
              </SequencePoints>
              <BranchPoints />
              <MethodPoint vc="1" uspid="0" p8:type="SequencePoint" ordinal="2" offset="2" sc="0" sl="13" ec="1" el="13" bec="0" bev="0" fileid="4" xmlns:p8="xsi" />
            </Method>
          </Methods>
        </Class>
        <Class>
          <Summary numSequencePoints="44" visitedSequencePoints="44" numBranchPoints="12" visitedBranchPoints="12" sequenceCoverage="100" branchCoverage="100" maxCyclomaticComplexity="12" minCyclomaticComplexity="12" visitedClasses="1" numClasses="1" visitedMethods="1" numMethods="1" />
          <FullName>Ensek.Services.MeterReadingService/&lt;UploadAsync&gt;d__3</FullName>
          <Methods>
            <Method cyclomaticComplexity="12" nPathComplexity="12" sequenceCoverage="100" branchCoverage="100" isConstructor="False" isGetter="False" isSetter="False" isStatic="True">
              <Summary numSequencePoints="44" visitedSequencePoints="44" numBranchPoints="12" visitedBranchPoints="12" sequenceCoverage="100" branchCoverage="100" maxCyclomaticComplexity="12" minCyclomaticComplexity="12" visitedClasses="0" numClasses="0" visitedMethods="1" numMethods="1" />
              <MetadataToken />
              <Name>System.Void Ensek.Services.MeterReadingService/&lt;UploadAsync&gt;d__3::MoveNext()</Name>
              <FileRef uid="4" />
              <SequencePoints>
                <SequencePoint vc="7" uspid="17" ordinal="0" sl="17" sc="1" el="17" ec="2" bec="0" bev="0" fileid="4" />
                <SequencePoint vc="7" uspid="18" ordinal="1" sl="18" sc="1" el="18" ec="2" bec="4" bev="4" fileid="4" />
                <SequencePoint vc="2" uspid="19" ordinal="2" sl="19" sc="1" el="19" ec="2" bec="0" bev="0" fileid="4" />
                <SequencePoint vc="10" uspid="21" ordinal="3" sl="21" sc="1" el="21" ec="2" bec="0" bev="0" fileid="4" />
                <SequencePoint vc="5" uspid="23" ordinal="4" sl="23" sc="1" el="23" ec="2" bec="0" bev="0" fileid="4" />
                <SequencePoint vc="5" uspid="24" ordinal="5" sl="24" sc="1" el="24" ec="2" bec="0" bev="0" fileid="4" />
                <SequencePoint vc="5" uspid="26" ordinal="6" sl="26" sc="1" el="26" ec="2" bec="0" bev="0" fileid="4" />
                <SequencePoint vc="5" uspid="27" ordinal="7" sl="27" sc="1" el="27" ec="2" bec="0" bev="0" fileid="4" />
                <SequencePoint vc="5" uspid="28" ordinal="8" sl="28" sc="1" el="28" ec="2" bec="0" bev="0" fileid="4" />
                <SequencePoint vc="5" uspid="29" ordinal="9" sl="29" sc="1" el="29" ec="2" bec="0" bev="0" fileid="4" />
                <SequencePoint vc="5" uspid="30" ordinal="10" sl="30" sc="1" el="30" ec="2" bec="0" bev="0" fileid="4" />
                <SequencePoint vc="5" uspid="31" ordinal="11" sl="31" sc="1" el="31" ec="2" bec="0" bev="0" fileid="4" />
                <SequencePoint vc="5" uspid="33" ordinal="12" sl="33" sc="1" el="33" ec="2" bec="0" bev="0" fileid="4" />
                <SequencePoint vc="5" uspid="35" ordinal="13" sl="35" sc="1" el="35" ec="2" bec="0" bev="0" fileid="4" />
                <SequencePoint vc="5" uspid="36" ordinal="14" sl="36" sc="1" el="36" ec="2" bec="0" bev="0" fileid="4" />
                <SequencePoint vc="5" uspid="37" ordinal="15" sl="37" sc="1" el="37" ec="2" bec="0" bev="0" fileid="4" />
                <SequencePoint vc="5" uspid="38" ordinal="16" sl="38" sc="1" el="38" ec="2" bec="0" bev="0" fileid="4" />
                <SequencePoint vc="5" uspid="40" ordinal="17" sl="40" sc="1" el="40" ec="2" bec="0" bev="0" fileid="4" />
                <SequencePoint vc="29" uspid="41" ordinal="18" sl="41" sc="1" el="41" ec="2" bec="2" bev="2" fileid="4" />
                <SequencePoint vc="7" uspid="42" ordinal="19" sl="42" sc="1" el="42" ec="2" bec="0" bev="0" fileid="4" />
                <SequencePoint vc="10" uspid="43" ordinal="20" sl="43" sc="1" el="43" ec="2" bec="2" bev="2" fileid="4" />
                <SequencePoint vc="6" uspid="45" ordinal="21" sl="45" sc="1" el="45" ec="2" bec="0" bev="0" fileid="4" />
                <SequencePoint vc="9" uspid="46" ordinal="22" sl="46" sc="1" el="46" ec="2" bec="2" bev="2" fileid="4" />
                <SequencePoint vc="5" uspid="48" ordinal="23" sl="48" sc="1" el="48" ec="2" bec="0" bev="0" fileid="4" />
                <SequencePoint vc="8" uspid="49" ordinal="24" sl="49" sc="1" el="49" ec="2" bec="2" bev="2" fileid="4" />
                <SequencePoint vc="4" uspid="51" ordinal="25" sl="51" sc="1" el="51" ec="2" bec="0" bev="0" fileid="4" />
                <SequencePoint vc="4" uspid="52" ordinal="26" sl="52" sc="1" el="52" ec="2" bec="0" bev="0" fileid="4" />
                <SequencePoint vc="4" uspid="53" ordinal="27" sl="53" sc="1" el="53" ec="2" bec="0" bev="0" fileid="4" />
                <SequencePoint vc="4" uspid="54" ordinal="28" sl="54" sc="1" el="54" ec="2" bec="0" bev="0" fileid="4" />
                <SequencePoint vc="4" uspid="55" ordinal="29" sl="55" sc="1" el="55" ec="2" bec="0" bev="0" fileid="4" />
                <SequencePoint vc="4" uspid="56" ordinal="30" sl="56" sc="1" el="56" ec="2" bec="0" bev="0" fileid="4" />
                <SequencePoint vc="4" uspid="58" ordinal="31" sl="58" sc="1" el="58" ec="2" bec="0" bev="0" fileid="4" />
                <SequencePoint vc="4" uspid="60" ordinal="32" sl="60" sc="1" el="60" ec="2" bec="0" bev="0" fileid="4" />
                <SequencePoint vc="4" uspid="61" ordinal="33" sl="61" sc="1" el="61" ec="2" bec="0" bev="0" fileid="4" />
                <SequencePoint vc="3" uspid="62" ordinal="34" sl="62" sc="1" el="62" ec="2" bec="0" bev="0" fileid="4" />
                <SequencePoint vc="3" uspid="63" ordinal="35" sl="63" sc="1" el="63" ec="2" bec="0" bev="0" fileid="4" />
                <SequencePoint vc="1" uspid="64" ordinal="36" sl="64" sc="1" el="64" ec="2" bec="0" bev="0" fileid="4" />
                <SequencePoint vc="1" uspid="65" ordinal="37" sl="65" sc="1" el="65" ec="2" bec="0" bev="0" fileid="4" />
                <SequencePoint vc="1" uspid="66" ordinal="38" sl="66" sc="1" el="66" ec="2" bec="0" bev="0" fileid="4" />
                <SequencePoint vc="1" uspid="67" ordinal="39" sl="67" sc="1" el="67" ec="2" bec="0" bev="0" fileid="4" />
                <SequencePoint vc="1" uspid="68" ordinal="40" sl="68" sc="1" el="68" ec="2" bec="0" bev="0" fileid="4" />
                <SequencePoint vc="4" uspid="69" ordinal="41" sl="69" sc="1" el="69" ec="2" bec="0" bev="0" fileid="4" />
                <SequencePoint vc="5" uspid="71" ordinal="42" sl="71" sc="1" el="71" ec="2" bec="0" bev="0" fileid="4" />
                <SequencePoint vc="7" uspid="72" ordinal="43" sl="72" sc="1" el="72" ec="2" bec="0" bev="0" fileid="4" />
              </SequencePoints>
              <BranchPoints>
                <BranchPoint vc="6" uspid="18" ordinal="0" path="0" offset="22" offsetend="24" sl="18" fileid="4" />
                <BranchPoint vc="1" uspid="18" ordinal="1" path="1" offset="22" offsetend="41" sl="18" fileid="4" />
                <BranchPoint vc="2" uspid="18" ordinal="2" path="0" offset="44" offsetend="46" sl="18" fileid="4" />
                <BranchPoint vc="5" uspid="18" ordinal="3" path="1" offset="44" offsetend="59" sl="18" fileid="4" />
                <BranchPoint vc="7" uspid="41" ordinal="11" path="1" offset="1673" offsetend="458" sl="41" fileid="4" />
                <BranchPoint vc="1" uspid="43" ordinal="4" path="0" offset="515" offsetend="517" sl="43" fileid="4" />
                <BranchPoint vc="6" uspid="43" ordinal="5" path="1" offset="515" offsetend="541" sl="43" fileid="4" />
                <BranchPoint vc="1" uspid="46" ordinal="6" path="0" offset="813" offsetend="815" sl="46" fileid="4" />
                <BranchPoint vc="5" uspid="46" ordinal="7" path="1" offset="813" offsetend="839" sl="46" fileid="4" />
                <BranchPoint vc="1" uspid="49" ordinal="8" path="0" offset="1212" offsetend="1214" sl="49" fileid="4" />
                <BranchPoint vc="4" uspid="49" ordinal="9" path="1" offset="1212" offsetend="1238" sl="49" fileid="4" />
                <BranchPoint vc="5" uspid="41" ordinal="10" path="0" offset="1673" offsetend="1678" sl="41" fileid="4" />
              </BranchPoints>
              <MethodPoint vc="44" uspid="0" p8:type="SequencePoint" ordinal="0" offset="0" sc="0" sl="17" ec="1" el="72" bec="0" bev="0" fileid="4" xmlns:p8="xsi" />
            </Method>
          </Methods>
        </Class>
        <Class>
          <Summary numSequencePoints="3" visitedSequencePoints="3" numBranchPoints="0" visitedBranchPoints="0" sequenceCoverage="100" branchCoverage="100" maxCyclomaticComplexity="1" minCyclomaticComplexity="1" visitedClasses="1" numClasses="1" visitedMethods="3" numMethods="3" />
          <FullName>Ensek.Services.MeterReadingRow</FullName>
          <Methods>
            <Method cyclomaticComplexity="1" nPathComplexity="1" sequenceCoverage="100" branchCoverage="100" isConstructor="False" isGetter="True" isSetter="False" isStatic="True">
              <Summary numSequencePoints="1" visitedSequencePoints="1" numBranchPoints="0" visitedBranchPoints="0" sequenceCoverage="100" branchCoverage="100" maxCyclomaticComplexity="1" minCyclomaticComplexity="1" visitedClasses="0" numClasses="0" visitedMethods="1" numMethods="1" />
              <MetadataToken />
              <Name>System.Int32 Ensek.Services.MeterReadingRow::get_AccountId()</Name>
              <FileRef uid="4" />
              <SequencePoints>
                <SequencePoint vc="29" uspid="89" ordinal="0" sl="89" sc="1" el="89" ec="2" bec="0" bev="0" fileid="4" />
              </SequencePoints>
              <BranchPoints />
              <MethodPoint vc="1" uspid="0" p8:type="SequencePoint" ordinal="0" offset="0" sc="0" sl="89" ec="1" el="89" bec="0" bev="0" fileid="4" xmlns:p8="xsi" />
            </Method>
            <Method cyclomaticComplexity="1" nPathComplexity="1" sequenceCoverage="100" branchCoverage="100" isConstructor="False" isGetter="True" isSetter="False" isStatic="True">
              <Summary numSequencePoints="1" visitedSequencePoints="1" numBranchPoints="0" visitedBranchPoints="0" sequenceCoverage="100" branchCoverage="100" maxCyclomaticComplexity="1" minCyclomaticComplexity="1" visitedClasses="0" numClasses="0" visitedMethods="1" numMethods="1" />
              <MetadataToken />
              <Name>System.DateTime Ensek.Services.MeterReadingRow::get_MeterReadingDateTime()</Name>
              <FileRef uid="4" />
              <SequencePoints>
                <SequencePoint vc="16" uspid="90" ordinal="0" sl="90" sc="1" el="90" ec="2" bec="0" bev="0" fileid="4" />
              </SequencePoints>
              <BranchPoints />
              <MethodPoint vc="1" uspid="0" p8:type="SequencePoint" ordinal="1" offset="1" sc="0" sl="90" ec="1" el="90" bec="0" bev="0" fileid="4" xmlns:p8="xsi" />
            </Method>
            <Method cyclomaticComplexity="1" nPathComplexity="1" sequenceCoverage="100" branchCoverage="100" isConstructor="False" isGetter="True" isSetter="False" isStatic="True">
              <Summary numSequencePoints="1" visitedSequencePoints="1" numBranchPoints="0" visitedBranchPoints="0" sequenceCoverage="100" branchCoverage="100" maxCyclomaticComplexity="1" minCyclomaticComplexity="1" visitedClasses="0" numClasses="0" visitedMethods="1" numMethods="1" />
              <MetadataToken />
              <Name>System.String Ensek.Services.MeterReadingRow::get_MeterReadValue()</Name>
              <FileRef uid="4" />
              <SequencePoints>
                <SequencePoint vc="25" uspid="91" ordinal="0" sl="91" sc="1" el="91" ec="2" bec="0" bev="0" fileid="4" />
              </SequencePoints>
              <BranchPoints />
              <MethodPoint vc="1" uspid="0" p8:type="SequencePoint" ordinal="2" offset="2" sc="0" sl="91" ec="1" el="91" bec="0" bev="0" fileid="4" xmlns:p8="xsi" />
            </Method>
          </Methods>
        </Class>
        <Class>
          <Summary numSequencePoints="6" visitedSequencePoints="6" numBranchPoints="0" visitedBranchPoints="0" sequenceCoverage="100" branchCoverage="100" maxCyclomaticComplexity="1" minCyclomaticComplexity="1" visitedClasses="1" numClasses="1" visitedMethods="1" numMethods="1" />
          <FullName>Ensek.Services.MeterReadingRowMap</FullName>
          <Methods>
            <Method cyclomaticComplexity="1" nPathComplexity="1" sequenceCoverage="100" branchCoverage="100" isConstructor="True" isGetter="False" isSetter="False" isStatic="True">
              <Summary numSequencePoints="6" visitedSequencePoints="6" numBranchPoints="0" visitedBranchPoints="0" sequenceCoverage="100" branchCoverage="100" maxCyclomaticComplexity="1" minCyclomaticComplexity="1" visitedClasses="0" numClasses="0" visitedMethods="1" numMethods="1" />
              <MetadataToken />
              <Name>System.Void Ensek.Services.MeterReadingRowMap::.ctor()</Name>
              <FileRef uid="4" />
              <SequencePoints>
                <SequencePoint vc="5" uspid="96" ordinal="0" sl="96" sc="1" el="96" ec="2" bec="0" bev="0" fileid="4" />
                <SequencePoint vc="5" uspid="97" ordinal="1" sl="97" sc="1" el="97" ec="2" bec="0" bev="0" fileid="4" />
                <SequencePoint vc="5" uspid="98" ordinal="2" sl="98" sc="1" el="98" ec="2" bec="0" bev="0" fileid="4" />
                <SequencePoint vc="5" uspid="99" ordinal="3" sl="99" sc="1" el="99" ec="2" bec="0" bev="0" fileid="4" />
                <SequencePoint vc="5" uspid="100" ordinal="4" sl="100" sc="1" el="100" ec="2" bec="0" bev="0" fileid="4" />
                <SequencePoint vc="5" uspid="101" ordinal="5" sl="101" sc="1" el="101" ec="2" bec="0" bev="0" fileid="4" />
              </SequencePoints>
              <BranchPoints />
              <MethodPoint vc="6" uspid="0" p8:type="SequencePoint" ordinal="0" offset="0" sc="0" sl="96" ec="1" el="101" bec="0" bev="0" fileid="4" xmlns:p8="xsi" />
            </Method>
          </Methods>
        </Class>
        <Class>
          <Summary numSequencePoints="4" visitedSequencePoints="4" numBranchPoints="0" visitedBranchPoints="0" sequenceCoverage="100" branchCoverage="100" maxCyclomaticComplexity="1" minCyclomaticComplexity="1" visitedClasses="1" numClasses="1" visitedMethods="4" numMethods="4" />
          <FullName>Ensek.Domain.Account</FullName>
          <Methods>
            <Method cyclomaticComplexity="1" nPathComplexity="1" sequenceCoverage="100" branchCoverage="100" isConstructor="False" isGetter="True" isSetter="False" isStatic="True">
              <Summary numSequencePoints="1" visitedSequencePoints="1" numBranchPoints="0" visitedBranchPoints="0" sequenceCoverage="100" branchCoverage="100" maxCyclomaticComplexity="1" minCyclomaticComplexity="1" visitedClasses="0" numClasses="0" visitedMethods="1" numMethods="1" />
              <MetadataToken />
              <Name>System.Int32 Ensek.Domain.Account::get_Id()</Name>
              <FileRef uid="5" />
              <SequencePoints>
                <SequencePoint vc="54" uspid="5" ordinal="0" sl="5" sc="1" el="5" ec="2" bec="0" bev="0" fileid="5" />
              </SequencePoints>
              <BranchPoints />
              <MethodPoint vc="1" uspid="0" p8:type="SequencePoint" ordinal="0" offset="0" sc="0" sl="5" ec="1" el="5" bec="0" bev="0" fileid="5" xmlns:p8="xsi" />
            </Method>
            <Method cyclomaticComplexity="1" nPathComplexity="1" sequenceCoverage="100" branchCoverage="100" isConstructor="False" isGetter="True" isSetter="False" isStatic="True">
              <Summary numSequencePoints="1" visitedSequencePoints="1" numBranchPoints="0" visitedBranchPoints="0" sequenceCoverage="100" branchCoverage="100" maxCyclomaticComplexity="1" minCyclomaticComplexity="1" visitedClasses="0" numClasses="0" visitedMethods="1" numMethods="1" />
              <MetadataToken />
              <Name>System.String Ensek.Domain.Account::get_FirstName()</Name>
              <FileRef uid="5" />
              <SequencePoints>
                <SequencePoint vc="54" uspid="6" ordinal="0" sl="6" sc="1" el="6" ec="2" bec="0" bev="0" fileid="5" />
              </SequencePoints>
              <BranchPoints />
              <MethodPoint vc="1" uspid="0" p8:type="SequencePoint" ordinal="1" offset="1" sc="0" sl="6" ec="1" el="6" bec="0" bev="0" fileid="5" xmlns:p8="xsi" />
            </Method>
            <Method cyclomaticComplexity="1" nPathComplexity="1" sequenceCoverage="100" branchCoverage="100" isConstructor="False" isGetter="True" isSetter="False" isStatic="True">
              <Summary numSequencePoints="1" visitedSequencePoints="1" numBranchPoints="0" visitedBranchPoints="0" sequenceCoverage="100" branchCoverage="100" maxCyclomaticComplexity="1" minCyclomaticComplexity="1" visitedClasses="0" numClasses="0" visitedMethods="1" numMethods="1" />
              <MetadataToken />
              <Name>System.String Ensek.Domain.Account::get_LastName()</Name>
              <FileRef uid="5" />
              <SequencePoints>
                <SequencePoint vc="54" uspid="7" ordinal="0" sl="7" sc="1" el="7" ec="2" bec="0" bev="0" fileid="5" />
              </SequencePoints>
              <BranchPoints />
              <MethodPoint vc="1" uspid="0" p8:type="SequencePoint" ordinal="2" offset="2" sc="0" sl="7" ec="1" el="7" bec="0" bev="0" fileid="5" xmlns:p8="xsi" />
            </Method>
            <Method cyclomaticComplexity="1" nPathComplexity="1" sequenceCoverage="100" branchCoverage="100" isConstructor="False" isGetter="True" isSetter="False" isStatic="True">
              <Summary numSequencePoints="1" visitedSequencePoints="1" numBranchPoints="0" visitedBranchPoints="0" sequenceCoverage="100" branchCoverage="100" maxCyclomaticComplexity="1" minCyclomaticComplexity="1" visitedClasses="0" numClasses="0" visitedMethods="1" numMethods="1" />
              <MetadataToken />
              <Name>System.Collections.Generic.ICollection`1&lt;Ensek.Domain.MeterReading&gt; Ensek.Domain.Account::get_MeterReadings()</Name>
              <FileRef uid="5" />
              <SequencePoints>
                <SequencePoint vc="243" uspid="9" ordinal="0" sl="9" sc="1" el="9" ec="2" bec="0" bev="0" fileid="5" />
              </SequencePoints>
              <BranchPoints />
              <MethodPoint vc="1" uspid="0" p8:type="SequencePoint" ordinal="3" offset="3" sc="0" sl="9" ec="1" el="9" bec="0" bev="0" fileid="5" xmlns:p8="xsi" />
            </Method>
          </Methods>
        </Class>
        <Class>
          <Summary numSequencePoints="5" visitedSequencePoints="4" numBranchPoints="0" visitedBranchPoints="0" sequenceCoverage="80" branchCoverage="100" maxCyclomaticComplexity="1" minCyclomaticComplexity="1" visitedClasses="1" numClasses="1" visitedMethods="4" numMethods="5" />
          <FullName>Ensek.Domain.MeterReading</FullName>
          <Methods>
            <Method cyclomaticComplexity="1" nPathComplexity="1" sequenceCoverage="100" branchCoverage="100" isConstructor="False" isGetter="True" isSetter="False" isStatic="True">
              <Summary numSequencePoints="1" visitedSequencePoints="1" numBranchPoints="0" visitedBranchPoints="0" sequenceCoverage="100" branchCoverage="100" maxCyclomaticComplexity="1" minCyclomaticComplexity="1" visitedClasses="0" numClasses="0" visitedMethods="1" numMethods="1" />
              <MetadataToken />
              <Name>System.Guid Ensek.Domain.MeterReading::get_Id()</Name>
              <FileRef uid="6" />
              <SequencePoints>
                <SequencePoint vc="4" uspid="7" ordinal="0" sl="7" sc="1" el="7" ec="2" bec="0" bev="0" fileid="6" />
              </SequencePoints>
              <BranchPoints />
              <MethodPoint vc="1" uspid="0" p8:type="SequencePoint" ordinal="0" offset="0" sc="0" sl="7" ec="1" el="7" bec="0" bev="0" fileid="6" xmlns:p8="xsi" />
            </Method>
            <Method cyclomaticComplexity="1" nPathComplexity="1" sequenceCoverage="100" branchCoverage="100" isConstructor="False" isGetter="True" isSetter="False" isStatic="True">
              <Summary numSequencePoints="1" visitedSequencePoints="1" numBranchPoints="0" visitedBranchPoints="0" sequenceCoverage="100" branchCoverage="100" maxCyclomaticComplexity="1" minCyclomaticComplexity="1" visitedClasses="0" numClasses="0" visitedMethods="1" numMethods="1" />
              <MetadataToken />
              <Name>System.String Ensek.Domain.MeterReading::get_MeterReadValue()</Name>
              <FileRef uid="6" />
              <SequencePoints>
                <SequencePoint vc="8" uspid="10" ordinal="0" sl="10" sc="1" el="10" ec="2" bec="0" bev="0" fileid="6" />
              </SequencePoints>
              <BranchPoints />
              <MethodPoint vc="1" uspid="0" p8:type="SequencePoint" ordinal="1" offset="1" sc="0" sl="10" ec="1" el="10" bec="0" bev="0" fileid="6" xmlns:p8="xsi" />
            </Method>
            <Method cyclomaticComplexity="1" nPathComplexity="1" sequenceCoverage="100" branchCoverage="100" isConstructor="False" isGetter="True" isSetter="False" isStatic="True">
              <Summary numSequencePoints="1" visitedSequencePoints="1" numBranchPoints="0" visitedBranchPoints="0" sequenceCoverage="100" branchCoverage="100" maxCyclomaticComplexity="1" minCyclomaticComplexity="1" visitedClasses="0" numClasses="0" visitedMethods="1" numMethods="1" />
              <MetadataToken />
              <Name>System.DateTime Ensek.Domain.MeterReading::get_ReadingDateTime()</Name>
              <FileRef uid="6" />
              <SequencePoints>
                <SequencePoint vc="4" uspid="12" ordinal="0" sl="12" sc="1" el="12" ec="2" bec="0" bev="0" fileid="6" />
              </SequencePoints>
              <BranchPoints />
              <MethodPoint vc="1" uspid="0" p8:type="SequencePoint" ordinal="2" offset="2" sc="0" sl="12" ec="1" el="12" bec="0" bev="0" fileid="6" xmlns:p8="xsi" />
            </Method>
            <Method cyclomaticComplexity="1" nPathComplexity="1" sequenceCoverage="100" branchCoverage="100" isConstructor="False" isGetter="True" isSetter="False" isStatic="True">
              <Summary numSequencePoints="1" visitedSequencePoints="1" numBranchPoints="0" visitedBranchPoints="0" sequenceCoverage="100" branchCoverage="100" maxCyclomaticComplexity="1" minCyclomaticComplexity="1" visitedClasses="0" numClasses="0" visitedMethods="1" numMethods="1" />
              <MetadataToken />
              <Name>System.Int32 Ensek.Domain.MeterReading::get_AccountId()</Name>
              <FileRef uid="6" />
              <SequencePoints>
                <SequencePoint vc="4" uspid="14" ordinal="0" sl="14" sc="1" el="14" ec="2" bec="0" bev="0" fileid="6" />
              </SequencePoints>
              <BranchPoints />
              <MethodPoint vc="1" uspid="0" p8:type="SequencePoint" ordinal="3" offset="3" sc="0" sl="14" ec="1" el="14" bec="0" bev="0" fileid="6" xmlns:p8="xsi" />
            </Method>
            <Method cyclomaticComplexity="1" nPathComplexity="1" sequenceCoverage="0" branchCoverage="100" isConstructor="False" isGetter="True" isSetter="False" isStatic="True">
              <Summary numSequencePoints="1" visitedSequencePoints="0" numBranchPoints="0" visitedBranchPoints="0" sequenceCoverage="0" branchCoverage="100" maxCyclomaticComplexity="1" minCyclomaticComplexity="1" visitedClasses="0" numClasses="0" visitedMethods="0" numMethods="1" />
              <MetadataToken />
              <Name>Ensek.Domain.Account Ensek.Domain.MeterReading::get_Account()</Name>
              <FileRef uid="6" />
              <SequencePoints>
                <SequencePoint vc="0" uspid="15" ordinal="0" sl="15" sc="1" el="15" ec="2" bec="0" bev="0" fileid="6" />
              </SequencePoints>
              <BranchPoints />
              <MethodPoint vc="0" uspid="0" p8:type="SequencePoint" ordinal="4" offset="4" sc="0" sl="15" ec="1" el="15" bec="0" bev="0" fileid="6" xmlns:p8="xsi" />
            </Method>
          </Methods>
        </Class>
        <Class>
          <Summary numSequencePoints="52" visitedSequencePoints="52" numBranchPoints="0" visitedBranchPoints="0" sequenceCoverage="100" branchCoverage="100" maxCyclomaticComplexity="1" minCyclomaticComplexity="1" visitedClasses="1" numClasses="1" visitedMethods="4" numMethods="4" />
          <FullName>Ensek.Data.EnsekDbContext</FullName>
          <Methods>
            <Method cyclomaticComplexity="1" nPathComplexity="1" sequenceCoverage="100" branchCoverage="100" isConstructor="False" isGetter="True" isSetter="False" isStatic="True">
              <Summary numSequencePoints="1" visitedSequencePoints="1" numBranchPoints="0" visitedBranchPoints="0" sequenceCoverage="100" branchCoverage="100" maxCyclomaticComplexity="1" minCyclomaticComplexity="1" visitedClasses="0" numClasses="0" visitedMethods="1" numMethods="1" />
              <MetadataToken />
              <Name>Microsoft.EntityFrameworkCore.DbSet`1&lt;Ensek.Domain.Account&gt; Ensek.Data.EnsekDbContext::get_Accounts()</Name>
              <FileRef uid="7" />
              <SequencePoints>
                <SequencePoint vc="6" uspid="8" ordinal="0" sl="8" sc="1" el="8" ec="2" bec="0" bev="0" fileid="7" />
              </SequencePoints>
              <BranchPoints />
              <MethodPoint vc="1" uspid="0" p8:type="SequencePoint" ordinal="0" offset="0" sc="0" sl="8" ec="1" el="8" bec="0" bev="0" fileid="7" xmlns:p8="xsi" />
            </Method>
            <Method cyclomaticComplexity="1" nPathComplexity="1" sequenceCoverage="100" branchCoverage="100" isConstructor="False" isGetter="True" isSetter="False" isStatic="True">
              <Summary numSequencePoints="1" visitedSequencePoints="1" numBranchPoints="0" visitedBranchPoints="0" sequenceCoverage="100" branchCoverage="100" maxCyclomaticComplexity="1" minCyclomaticComplexity="1" visitedClasses="0" numClasses="0" visitedMethods="1" numMethods="1" />
              <MetadataToken />
              <Name>Microsoft.EntityFrameworkCore.DbSet`1&lt;Ensek.Domain.MeterReading&gt; Ensek.Data.EnsekDbContext::get_MeterReadings()</Name>
              <FileRef uid="7" />
              <SequencePoints>
                <SequencePoint vc="10" uspid="9" ordinal="0" sl="9" sc="1" el="9" ec="2" bec="0" bev="0" fileid="7" />
              </SequencePoints>
              <BranchPoints />
              <MethodPoint vc="1" uspid="0" p8:type="SequencePoint" ordinal="1" offset="1" sc="0" sl="9" ec="1" el="9" bec="0" bev="0" fileid="7" xmlns:p8="xsi" />
            </Method>
            <Method cyclomaticComplexity="1" nPathComplexity="1" sequenceCoverage="100" branchCoverage="100" isConstructor="False" isGetter="False" isSetter="False" isStatic="True">
              <Summary numSequencePoints="49" visitedSequencePoints="49" numBranchPoints="0" visitedBranchPoints="0" sequenceCoverage="100" branchCoverage="100" maxCyclomaticComplexity="1" minCyclomaticComplexity="1" visitedClasses="0" numClasses="0" visitedMethods="1" numMethods="1" />
              <MetadataToken />
              <Name>System.Void Ensek.Data.EnsekDbContext::OnModelCreating(Microsoft.EntityFrameworkCore.ModelBuilder)</Name>
              <FileRef uid="7" />
              <SequencePoints>
                <SequencePoint vc="2" uspid="12" ordinal="0" sl="12" sc="1" el="12" ec="2" bec="0" bev="0" fileid="7" />
                <SequencePoint vc="2" uspid="13" ordinal="1" sl="13" sc="1" el="13" ec="2" bec="0" bev="0" fileid="7" />
                <SequencePoint vc="2" uspid="14" ordinal="2" sl="14" sc="1" el="14" ec="2" bec="0" bev="0" fileid="7" />
                <SequencePoint vc="2" uspid="15" ordinal="3" sl="15" sc="1" el="15" ec="2" bec="0" bev="0" fileid="7" />
                <SequencePoint vc="2" uspid="16" ordinal="4" sl="16" sc="1" el="16" ec="2" bec="0" bev="0" fileid="7" />
                <SequencePoint vc="2" uspid="17" ordinal="5" sl="17" sc="1" el="17" ec="2" bec="0" bev="0" fileid="7" />
                <SequencePoint vc="2" uspid="18" ordinal="6" sl="18" sc="1" el="18" ec="2" bec="0" bev="0" fileid="7" />
                <SequencePoint vc="2" uspid="19" ordinal="7" sl="19" sc="1" el="19" ec="2" bec="0" bev="0" fileid="7" />
                <SequencePoint vc="2" uspid="20" ordinal="8" sl="20" sc="1" el="20" ec="2" bec="0" bev="0" fileid="7" />
                <SequencePoint vc="2" uspid="21" ordinal="9" sl="21" sc="1" el="21" ec="2" bec="0" bev="0" fileid="7" />
                <SequencePoint vc="2" uspid="22" ordinal="10" sl="22" sc="1" el="22" ec="2" bec="0" bev="0" fileid="7" />
                <SequencePoint vc="2" uspid="23" ordinal="11" sl="23" sc="1" el="23" ec="2" bec="0" bev="0" fileid="7" />
                <SequencePoint vc="2" uspid="24" ordinal="12" sl="24" sc="1" el="24" ec="2" bec="0" bev="0" fileid="7" />
                <SequencePoint vc="2" uspid="25" ordinal="13" sl="25" sc="1" el="25" ec="2" bec="0" bev="0" fileid="7" />
                <SequencePoint vc="2" uspid="26" ordinal="14" sl="26" sc="1" el="26" ec="2" bec="0" bev="0" fileid="7" />
                <SequencePoint vc="2" uspid="27" ordinal="15" sl="27" sc="1" el="27" ec="2" bec="0" bev="0" fileid="7" />
                <SequencePoint vc="2" uspid="28" ordinal="16" sl="28" sc="1" el="28" ec="2" bec="0" bev="0" fileid="7" />
                <SequencePoint vc="2" uspid="29" ordinal="17" sl="29" sc="1" el="29" ec="2" bec="0" bev="0" fileid="7" />
                <SequencePoint vc="2" uspid="30" ordinal="18" sl="30" sc="1" el="30" ec="2" bec="0" bev="0" fileid="7" />
                <SequencePoint vc="2" uspid="31" ordinal="19" sl="31" sc="1" el="31" ec="2" bec="0" bev="0" fileid="7" />
                <SequencePoint vc="2" uspid="32" ordinal="20" sl="32" sc="1" el="32" ec="2" bec="0" bev="0" fileid="7" />
                <SequencePoint vc="2" uspid="33" ordinal="21" sl="33" sc="1" el="33" ec="2" bec="0" bev="0" fileid="7" />
                <SequencePoint vc="2" uspid="34" ordinal="22" sl="34" sc="1" el="34" ec="2" bec="0" bev="0" fileid="7" />
                <SequencePoint vc="2" uspid="35" ordinal="23" sl="35" sc="1" el="35" ec="2" bec="0" bev="0" fileid="7" />
                <SequencePoint vc="2" uspid="36" ordinal="24" sl="36" sc="1" el="36" ec="2" bec="0" bev="0" fileid="7" />
                <SequencePoint vc="2" uspid="37" ordinal="25" sl="37" sc="1" el="37" ec="2" bec="0" bev="0" fileid="7" />
                <SequencePoint vc="2" uspid="38" ordinal="26" sl="38" sc="1" el="38" ec="2" bec="0" bev="0" fileid="7" />
                <SequencePoint vc="2" uspid="39" ordinal="27" sl="39" sc="1" el="39" ec="2" bec="0" bev="0" fileid="7" />
                <SequencePoint vc="2" uspid="40" ordinal="28" sl="40" sc="1" el="40" ec="2" bec="0" bev="0" fileid="7" />
                <SequencePoint vc="2" uspid="41" ordinal="29" sl="41" sc="1" el="41" ec="2" bec="0" bev="0" fileid="7" />
                <SequencePoint vc="2" uspid="42" ordinal="30" sl="42" sc="1" el="42" ec="2" bec="0" bev="0" fileid="7" />
                <SequencePoint vc="2" uspid="43" ordinal="31" sl="43" sc="1" el="43" ec="2" bec="0" bev="0" fileid="7" />
                <SequencePoint vc="2" uspid="44" ordinal="32" sl="44" sc="1" el="44" ec="2" bec="0" bev="0" fileid="7" />
                <SequencePoint vc="2" uspid="45" ordinal="33" sl="45" sc="1" el="45" ec="2" bec="0" bev="0" fileid="7" />
                <SequencePoint vc="2" uspid="46" ordinal="34" sl="46" sc="1" el="46" ec="2" bec="0" bev="0" fileid="7" />
                <SequencePoint vc="2" uspid="47" ordinal="35" sl="47" sc="1" el="47" ec="2" bec="0" bev="0" fileid="7" />
                <SequencePoint vc="4" uspid="48" ordinal="36" sl="48" sc="1" el="48" ec="2" bec="0" bev="0" fileid="7" />
                <SequencePoint vc="2" uspid="50" ordinal="37" sl="50" sc="1" el="50" ec="2" bec="0" bev="0" fileid="7" />
                <SequencePoint vc="2" uspid="51" ordinal="38" sl="51" sc="1" el="51" ec="2" bec="0" bev="0" fileid="7" />
                <SequencePoint vc="2" uspid="52" ordinal="39" sl="52" sc="1" el="52" ec="2" bec="0" bev="0" fileid="7" />
                <SequencePoint vc="2" uspid="53" ordinal="40" sl="53" sc="1" el="53" ec="2" bec="0" bev="0" fileid="7" />
                <SequencePoint vc="2" uspid="54" ordinal="41" sl="54" sc="1" el="54" ec="2" bec="0" bev="0" fileid="7" />
                <SequencePoint vc="2" uspid="55" ordinal="42" sl="55" sc="1" el="55" ec="2" bec="0" bev="0" fileid="7" />
                <SequencePoint vc="2" uspid="56" ordinal="43" sl="56" sc="1" el="56" ec="2" bec="0" bev="0" fileid="7" />
                <SequencePoint vc="2" uspid="57" ordinal="44" sl="57" sc="1" el="57" ec="2" bec="0" bev="0" fileid="7" />
                <SequencePoint vc="2" uspid="58" ordinal="45" sl="58" sc="1" el="58" ec="2" bec="0" bev="0" fileid="7" />
                <SequencePoint vc="2" uspid="59" ordinal="46" sl="59" sc="1" el="59" ec="2" bec="0" bev="0" fileid="7" />
                <SequencePoint vc="4" uspid="60" ordinal="47" sl="60" sc="1" el="60" ec="2" bec="0" bev="0" fileid="7" />
                <SequencePoint vc="2" uspid="61" ordinal="48" sl="61" sc="1" el="61" ec="2" bec="0" bev="0" fileid="7" />
              </SequencePoints>
              <BranchPoints />
              <MethodPoint vc="49" uspid="0" p8:type="SequencePoint" ordinal="2" offset="2" sc="0" sl="12" ec="1" el="61" bec="0" bev="0" fileid="7" xmlns:p8="xsi" />
            </Method>
            <Method cyclomaticComplexity="1" nPathComplexity="1" sequenceCoverage="100" branchCoverage="100" isConstructor="True" isGetter="False" isSetter="False" isStatic="True">
              <Summary numSequencePoints="1" visitedSequencePoints="1" numBranchPoints="0" visitedBranchPoints="0" sequenceCoverage="100" branchCoverage="100" maxCyclomaticComplexity="1" minCyclomaticComplexity="1" visitedClasses="0" numClasses="0" visitedMethods="1" numMethods="1" />
              <MetadataToken />
              <Name>System.Void Ensek.Data.EnsekDbContext::.ctor(Microsoft.EntityFrameworkCore.DbContextOptions`1&lt;Ensek.Data.EnsekDbContext&gt;)</Name>
              <FileRef uid="7" />
              <SequencePoints>
                <SequencePoint vc="7" uspid="6" ordinal="0" sl="6" sc="1" el="6" ec="2" bec="0" bev="0" fileid="7" />
              </SequencePoints>
              <BranchPoints />
              <MethodPoint vc="1" uspid="0" p8:type="SequencePoint" ordinal="3" offset="3" sc="0" sl="6" ec="1" el="6" bec="0" bev="0" fileid="7" xmlns:p8="xsi" />
            </Method>
          </Methods>
        </Class>
        <Class>
          <Summary numSequencePoints="77" visitedSequencePoints="0" numBranchPoints="0" visitedBranchPoints="0" sequenceCoverage="0" branchCoverage="100" maxCyclomaticComplexity="1" minCyclomaticComplexity="1" visitedClasses="0" numClasses="1" visitedMethods="0" numMethods="2" />
          <FullName>Ensek.Data.Migrations.InitialCreate</FullName>
          <Methods>
            <Method cyclomaticComplexity="1" nPathComplexity="1" sequenceCoverage="0" branchCoverage="100" isConstructor="False" isGetter="False" isSetter="False" isStatic="True">
              <Summary numSequencePoints="71" visitedSequencePoints="0" numBranchPoints="0" visitedBranchPoints="0" sequenceCoverage="0" branchCoverage="100" maxCyclomaticComplexity="1" minCyclomaticComplexity="1" visitedClasses="0" numClasses="0" visitedMethods="0" numMethods="1" />
              <MetadataToken />
              <Name>System.Void Ensek.Data.Migrations.InitialCreate::Up(Microsoft.EntityFrameworkCore.Migrations.MigrationBuilder)</Name>
              <FileRef uid="8" />
              <SequencePoints>
                <SequencePoint vc="0" uspid="15" ordinal="0" sl="15" sc="1" el="15" ec="2" bec="0" bev="0" fileid="8" />
                <SequencePoint vc="0" uspid="16" ordinal="1" sl="16" sc="1" el="16" ec="2" bec="0" bev="0" fileid="8" />
                <SequencePoint vc="0" uspid="17" ordinal="2" sl="17" sc="1" el="17" ec="2" bec="0" bev="0" fileid="8" />
                <SequencePoint vc="0" uspid="18" ordinal="3" sl="18" sc="1" el="18" ec="2" bec="0" bev="0" fileid="8" />
                <SequencePoint vc="0" uspid="19" ordinal="4" sl="19" sc="1" el="19" ec="2" bec="0" bev="0" fileid="8" />
                <SequencePoint vc="0" uspid="20" ordinal="5" sl="20" sc="1" el="20" ec="2" bec="0" bev="0" fileid="8" />
                <SequencePoint vc="0" uspid="21" ordinal="6" sl="21" sc="1" el="21" ec="2" bec="0" bev="0" fileid="8" />
                <SequencePoint vc="0" uspid="22" ordinal="7" sl="22" sc="1" el="22" ec="2" bec="0" bev="0" fileid="8" />
                <SequencePoint vc="0" uspid="23" ordinal="8" sl="23" sc="1" el="23" ec="2" bec="0" bev="0" fileid="8" />
                <SequencePoint vc="0" uspid="24" ordinal="9" sl="24" sc="1" el="24" ec="2" bec="0" bev="0" fileid="8" />
                <SequencePoint vc="0" uspid="25" ordinal="10" sl="25" sc="1" el="25" ec="2" bec="0" bev="0" fileid="8" />
                <SequencePoint vc="0" uspid="26" ordinal="11" sl="26" sc="1" el="26" ec="2" bec="0" bev="0" fileid="8" />
                <SequencePoint vc="0" uspid="27" ordinal="12" sl="27" sc="1" el="27" ec="2" bec="0" bev="0" fileid="8" />
                <SequencePoint vc="0" uspid="29" ordinal="13" sl="29" sc="1" el="29" ec="2" bec="0" bev="0" fileid="8" />
                <SequencePoint vc="0" uspid="30" ordinal="14" sl="30" sc="1" el="30" ec="2" bec="0" bev="0" fileid="8" />
                <SequencePoint vc="0" uspid="31" ordinal="15" sl="31" sc="1" el="31" ec="2" bec="0" bev="0" fileid="8" />
                <SequencePoint vc="0" uspid="32" ordinal="16" sl="32" sc="1" el="32" ec="2" bec="0" bev="0" fileid="8" />
                <SequencePoint vc="0" uspid="33" ordinal="17" sl="33" sc="1" el="33" ec="2" bec="0" bev="0" fileid="8" />
                <SequencePoint vc="0" uspid="34" ordinal="18" sl="34" sc="1" el="34" ec="2" bec="0" bev="0" fileid="8" />
                <SequencePoint vc="0" uspid="35" ordinal="19" sl="35" sc="1" el="35" ec="2" bec="0" bev="0" fileid="8" />
                <SequencePoint vc="0" uspid="36" ordinal="20" sl="36" sc="1" el="36" ec="2" bec="0" bev="0" fileid="8" />
                <SequencePoint vc="0" uspid="37" ordinal="21" sl="37" sc="1" el="37" ec="2" bec="0" bev="0" fileid="8" />
                <SequencePoint vc="0" uspid="38" ordinal="22" sl="38" sc="1" el="38" ec="2" bec="0" bev="0" fileid="8" />
                <SequencePoint vc="0" uspid="39" ordinal="23" sl="39" sc="1" el="39" ec="2" bec="0" bev="0" fileid="8" />
                <SequencePoint vc="0" uspid="40" ordinal="24" sl="40" sc="1" el="40" ec="2" bec="0" bev="0" fileid="8" />
                <SequencePoint vc="0" uspid="41" ordinal="25" sl="41" sc="1" el="41" ec="2" bec="0" bev="0" fileid="8" />
                <SequencePoint vc="0" uspid="42" ordinal="26" sl="42" sc="1" el="42" ec="2" bec="0" bev="0" fileid="8" />
                <SequencePoint vc="0" uspid="43" ordinal="27" sl="43" sc="1" el="43" ec="2" bec="0" bev="0" fileid="8" />
                <SequencePoint vc="0" uspid="44" ordinal="28" sl="44" sc="1" el="44" ec="2" bec="0" bev="0" fileid="8" />
                <SequencePoint vc="0" uspid="45" ordinal="29" sl="45" sc="1" el="45" ec="2" bec="0" bev="0" fileid="8" />
                <SequencePoint vc="0" uspid="46" ordinal="30" sl="46" sc="1" el="46" ec="2" bec="0" bev="0" fileid="8" />
                <SequencePoint vc="0" uspid="47" ordinal="31" sl="47" sc="1" el="47" ec="2" bec="0" bev="0" fileid="8" />
                <SequencePoint vc="0" uspid="49" ordinal="32" sl="49" sc="1" el="49" ec="2" bec="0" bev="0" fileid="8" />
                <SequencePoint vc="0" uspid="50" ordinal="33" sl="50" sc="1" el="50" ec="2" bec="0" bev="0" fileid="8" />
                <SequencePoint vc="0" uspid="51" ordinal="34" sl="51" sc="1" el="51" ec="2" bec="0" bev="0" fileid="8" />
                <SequencePoint vc="0" uspid="52" ordinal="35" sl="52" sc="1" el="52" ec="2" bec="0" bev="0" fileid="8" />
                <SequencePoint vc="0" uspid="53" ordinal="36" sl="53" sc="1" el="53" ec="2" bec="0" bev="0" fileid="8" />
                <SequencePoint vc="0" uspid="54" ordinal="37" sl="54" sc="1" el="54" ec="2" bec="0" bev="0" fileid="8" />
                <SequencePoint vc="0" uspid="55" ordinal="38" sl="55" sc="1" el="55" ec="2" bec="0" bev="0" fileid="8" />
                <SequencePoint vc="0" uspid="56" ordinal="39" sl="56" sc="1" el="56" ec="2" bec="0" bev="0" fileid="8" />
                <SequencePoint vc="0" uspid="57" ordinal="40" sl="57" sc="1" el="57" ec="2" bec="0" bev="0" fileid="8" />
                <SequencePoint vc="0" uspid="58" ordinal="41" sl="58" sc="1" el="58" ec="2" bec="0" bev="0" fileid="8" />
                <SequencePoint vc="0" uspid="59" ordinal="42" sl="59" sc="1" el="59" ec="2" bec="0" bev="0" fileid="8" />
                <SequencePoint vc="0" uspid="60" ordinal="43" sl="60" sc="1" el="60" ec="2" bec="0" bev="0" fileid="8" />
                <SequencePoint vc="0" uspid="61" ordinal="44" sl="61" sc="1" el="61" ec="2" bec="0" bev="0" fileid="8" />
                <SequencePoint vc="0" uspid="62" ordinal="45" sl="62" sc="1" el="62" ec="2" bec="0" bev="0" fileid="8" />
                <SequencePoint vc="0" uspid="63" ordinal="46" sl="63" sc="1" el="63" ec="2" bec="0" bev="0" fileid="8" />
                <SequencePoint vc="0" uspid="64" ordinal="47" sl="64" sc="1" el="64" ec="2" bec="0" bev="0" fileid="8" />
                <SequencePoint vc="0" uspid="65" ordinal="48" sl="65" sc="1" el="65" ec="2" bec="0" bev="0" fileid="8" />
                <SequencePoint vc="0" uspid="66" ordinal="49" sl="66" sc="1" el="66" ec="2" bec="0" bev="0" fileid="8" />
                <SequencePoint vc="0" uspid="67" ordinal="50" sl="67" sc="1" el="67" ec="2" bec="0" bev="0" fileid="8" />
                <SequencePoint vc="0" uspid="68" ordinal="51" sl="68" sc="1" el="68" ec="2" bec="0" bev="0" fileid="8" />
                <SequencePoint vc="0" uspid="69" ordinal="52" sl="69" sc="1" el="69" ec="2" bec="0" bev="0" fileid="8" />
                <SequencePoint vc="0" uspid="70" ordinal="53" sl="70" sc="1" el="70" ec="2" bec="0" bev="0" fileid="8" />
                <SequencePoint vc="0" uspid="71" ordinal="54" sl="71" sc="1" el="71" ec="2" bec="0" bev="0" fileid="8" />
                <SequencePoint vc="0" uspid="72" ordinal="55" sl="72" sc="1" el="72" ec="2" bec="0" bev="0" fileid="8" />
                <SequencePoint vc="0" uspid="73" ordinal="56" sl="73" sc="1" el="73" ec="2" bec="0" bev="0" fileid="8" />
                <SequencePoint vc="0" uspid="74" ordinal="57" sl="74" sc="1" el="74" ec="2" bec="0" bev="0" fileid="8" />
                <SequencePoint vc="0" uspid="75" ordinal="58" sl="75" sc="1" el="75" ec="2" bec="0" bev="0" fileid="8" />
                <SequencePoint vc="0" uspid="76" ordinal="59" sl="76" sc="1" el="76" ec="2" bec="0" bev="0" fileid="8" />
                <SequencePoint vc="0" uspid="77" ordinal="60" sl="77" sc="1" el="77" ec="2" bec="0" bev="0" fileid="8" />
                <SequencePoint vc="0" uspid="78" ordinal="61" sl="78" sc="1" el="78" ec="2" bec="0" bev="0" fileid="8" />
                <SequencePoint vc="0" uspid="79" ordinal="62" sl="79" sc="1" el="79" ec="2" bec="0" bev="0" fileid="8" />
                <SequencePoint vc="0" uspid="80" ordinal="63" sl="80" sc="1" el="80" ec="2" bec="0" bev="0" fileid="8" />
                <SequencePoint vc="0" uspid="81" ordinal="64" sl="81" sc="1" el="81" ec="2" bec="0" bev="0" fileid="8" />
                <SequencePoint vc="0" uspid="83" ordinal="65" sl="83" sc="1" el="83" ec="2" bec="0" bev="0" fileid="8" />
                <SequencePoint vc="0" uspid="84" ordinal="66" sl="84" sc="1" el="84" ec="2" bec="0" bev="0" fileid="8" />
                <SequencePoint vc="0" uspid="85" ordinal="67" sl="85" sc="1" el="85" ec="2" bec="0" bev="0" fileid="8" />
                <SequencePoint vc="0" uspid="86" ordinal="68" sl="86" sc="1" el="86" ec="2" bec="0" bev="0" fileid="8" />
                <SequencePoint vc="0" uspid="87" ordinal="69" sl="87" sc="1" el="87" ec="2" bec="0" bev="0" fileid="8" />
                <SequencePoint vc="0" uspid="88" ordinal="70" sl="88" sc="1" el="88" ec="2" bec="0" bev="0" fileid="8" />
[...]
                <SequencePoint vc="0" uspid="128" ordinal="108" sl="128" sc="1" el="128" ec="2" bec="0" bev="0" fileid="10" />
                <SequencePoint vc="0" uspid="129" ordinal="109" sl="129" sc="1" el="129" ec="2" bec="0" bev="0" fileid="10" />
                <SequencePoint vc="0" uspid="130" ordinal="110" sl="130" sc="1" el="130" ec="2" bec="0" bev="0" fileid="10" />
                <SequencePoint vc="0" uspid="131" ordinal="111" sl="131" sc="1" el="131" ec="2" bec="0" bev="0" fileid="10" />
                <SequencePoint vc="0" uspid="132" ordinal="112" sl="132" sc="1" el="132" ec="2" bec="0" bev="0" fileid="10" />
                <SequencePoint vc="0" uspid="133" ordinal="113" sl="133" sc="1" el="133" ec="2" bec="0" bev="0" fileid="10" />
                <SequencePoint vc="0" uspid="134" ordinal="114" sl="134" sc="1" el="134" ec="2" bec="0" bev="0" fileid="10" />
                <SequencePoint vc="0" uspid="135" ordinal="115" sl="135" sc="1" el="135" ec="2" bec="0" bev="0" fileid="10" />
                <SequencePoint vc="0" uspid="136" ordinal="116" sl="136" sc="1" el="136" ec="2" bec="0" bev="0" fileid="10" />
                <SequencePoint vc="0" uspid="137" ordinal="117" sl="137" sc="1" el="137" ec="2" bec="0" bev="0" fileid="10" />
                <SequencePoint vc="0" uspid="138" ordinal="118" sl="138" sc="1" el="138" ec="2" bec="0" bev="0" fileid="10" />
                <SequencePoint vc="0" uspid="139" ordinal="119" sl="139" sc="1" el="139" ec="2" bec="0" bev="0" fileid="10" />
                <SequencePoint vc="0" uspid="140" ordinal="120" sl="140" sc="1" el="140" ec="2" bec="0" bev="0" fileid="10" />
                <SequencePoint vc="0" uspid="141" ordinal="121" sl="141" sc="1" el="141" ec="2" bec="0" bev="0" fileid="10" />
                <SequencePoint vc="0" uspid="142" ordinal="122" sl="142" sc="1" el="142" ec="2" bec="0" bev="0" fileid="10" />
                <SequencePoint vc="0" uspid="143" ordinal="123" sl="143" sc="1" el="143" ec="2" bec="0" bev="0" fileid="10" />
                <SequencePoint vc="0" uspid="144" ordinal="124" sl="144" sc="1" el="144" ec="2" bec="0" bev="0" fileid="10" />
                <SequencePoint vc="0" uspid="145" ordinal="125" sl="145" sc="1" el="145" ec="2" bec="0" bev="0" fileid="10" />
                <SequencePoint vc="0" uspid="146" ordinal="126" sl="146" sc="1" el="146" ec="2" bec="0" bev="0" fileid="10" />
                <SequencePoint vc="0" uspid="147" ordinal="127" sl="147" sc="1" el="147" ec="2" bec="0" bev="0" fileid="10" />
                <SequencePoint vc="0" uspid="148" ordinal="128" sl="148" sc="1" el="148" ec="2" bec="0" bev="0" fileid="10" />
                <SequencePoint vc="0" uspid="149" ordinal="129" sl="149" sc="1" el="149" ec="2" bec="0" bev="0" fileid="10" />
                <SequencePoint vc="0" uspid="150" ordinal="130" sl="150" sc="1" el="150" ec="2" bec="0" bev="0" fileid="10" />
                <SequencePoint vc="0" uspid="151" ordinal="131" sl="151" sc="1" el="151" ec="2" bec="0" bev="0" fileid="10" />
                <SequencePoint vc="0" uspid="152" ordinal="132" sl="152" sc="1" el="152" ec="2" bec="0" bev="0" fileid="10" />
                <SequencePoint vc="0" uspid="153" ordinal="133" sl="153" sc="1" el="153" ec="2" bec="0" bev="0" fileid="10" />
                <SequencePoint vc="0" uspid="154" ordinal="134" sl="154" sc="1" el="154" ec="2" bec="0" bev="0" fileid="10" />
                <SequencePoint vc="0" uspid="155" ordinal="135" sl="155" sc="1" el="155" ec="2" bec="0" bev="0" fileid="10" />
                <SequencePoint vc="0" uspid="156" ordinal="136" sl="156" sc="1" el="156" ec="2" bec="0" bev="0" fileid="10" />
                <SequencePoint vc="0" uspid="157" ordinal="137" sl="157" sc="1" el="157" ec="2" bec="0" bev="0" fileid="10" />
                <SequencePoint vc="0" uspid="158" ordinal="138" sl="158" sc="1" el="158" ec="2" bec="0" bev="0" fileid="10" />
                <SequencePoint vc="0" uspid="159" ordinal="139" sl="159" sc="1" el="159" ec="2" bec="0" bev="0" fileid="10" />
                <SequencePoint vc="0" uspid="160" ordinal="140" sl="160" sc="1" el="160" ec="2" bec="0" bev="0" fileid="10" />
                <SequencePoint vc="0" uspid="161" ordinal="141" sl="161" sc="1" el="161" ec="2" bec="0" bev="0" fileid="10" />
                <SequencePoint vc="0" uspid="162" ordinal="142" sl="162" sc="1" el="162" ec="2" bec="0" bev="0" fileid="10" />
                <SequencePoint vc="0" uspid="163" ordinal="143" sl="163" sc="1" el="163" ec="2" bec="0" bev="0" fileid="10" />
                <SequencePoint vc="0" uspid="164" ordinal="144" sl="164" sc="1" el="164" ec="2" bec="0" bev="0" fileid="10" />
                <SequencePoint vc="0" uspid="165" ordinal="145" sl="165" sc="1" el="165" ec="2" bec="0" bev="0" fileid="10" />
                <SequencePoint vc="0" uspid="166" ordinal="146" sl="166" sc="1" el="166" ec="2" bec="0" bev="0" fileid="10" />
                <SequencePoint vc="0" uspid="167" ordinal="147" sl="167" sc="1" el="167" ec="2" bec="0" bev="0" fileid="10" />
                <SequencePoint vc="0" uspid="168" ordinal="148" sl="168" sc="1" el="168" ec="2" bec="0" bev="0" fileid="10" />
                <SequencePoint vc="0" uspid="169" ordinal="149" sl="169" sc="1" el="169" ec="2" bec="0" bev="0" fileid="10" />
                <SequencePoint vc="0" uspid="170" ordinal="150" sl="170" sc="1" el="170" ec="2" bec="0" bev="0" fileid="10" />
                <SequencePoint vc="0" uspid="171" ordinal="151" sl="171" sc="1" el="171" ec="2" bec="0" bev="0" fileid="10" />
                <SequencePoint vc="0" uspid="172" ordinal="152" sl="172" sc="1" el="172" ec="2" bec="0" bev="0" fileid="10" />
                <SequencePoint vc="0" uspid="173" ordinal="153" sl="173" sc="1" el="173" ec="2" bec="0" bev="0" fileid="10" />
                <SequencePoint vc="0" uspid="174" ordinal="154" sl="174" sc="1" el="174" ec="2" bec="0" bev="0" fileid="10" />
                <SequencePoint vc="0" uspid="175" ordinal="155" sl="175" sc="1" el="175" ec="2" bec="0" bev="0" fileid="10" />
                <SequencePoint vc="0" uspid="176" ordinal="156" sl="176" sc="1" el="176" ec="2" bec="0" bev="0" fileid="10" />
                <SequencePoint vc="0" uspid="177" ordinal="157" sl="177" sc="1" el="177" ec="2" bec="0" bev="0" fileid="10" />
                <SequencePoint vc="0" uspid="178" ordinal="158" sl="178" sc="1" el="178" ec="2" bec="0" bev="0" fileid="10" />
                <SequencePoint vc="0" uspid="179" ordinal="159" sl="179" sc="1" el="179" ec="2" bec="0" bev="0" fileid="10" />
                <SequencePoint vc="0" uspid="180" ordinal="160" sl="180" sc="1" el="180" ec="2" bec="0" bev="0" fileid="10" />
                <SequencePoint vc="0" uspid="181" ordinal="161" sl="181" sc="1" el="181" ec="2" bec="0" bev="0" fileid="10" />
                <SequencePoint vc="0" uspid="182" ordinal="162" sl="182" sc="1" el="182" ec="2" bec="0" bev="0" fileid="10" />
                <SequencePoint vc="0" uspid="183" ordinal="163" sl="183" sc="1" el="183" ec="2" bec="0" bev="0" fileid="10" />
                <SequencePoint vc="0" uspid="184" ordinal="164" sl="184" sc="1" el="184" ec="2" bec="0" bev="0" fileid="10" />
                <SequencePoint vc="0" uspid="185" ordinal="165" sl="185" sc="1" el="185" ec="2" bec="0" bev="0" fileid="10" />
                <SequencePoint vc="0" uspid="186" ordinal="166" sl="186" sc="1" el="186" ec="2" bec="0" bev="0" fileid="10" />
                <SequencePoint vc="0" uspid="187" ordinal="167" sl="187" sc="1" el="187" ec="2" bec="0" bev="0" fileid="10" />
                <SequencePoint vc="0" uspid="188" ordinal="168" sl="188" sc="1" el="188" ec="2" bec="0" bev="0" fileid="10" />
                <SequencePoint vc="0" uspid="189" ordinal="169" sl="189" sc="1" el="189" ec="2" bec="0" bev="0" fileid="10" />
                <SequencePoint vc="0" uspid="190" ordinal="170" sl="190" sc="1" el="190" ec="2" bec="0" bev="0" fileid="10" />
                <SequencePoint vc="0" uspid="191" ordinal="171" sl="191" sc="1" el="191" ec="2" bec="0" bev="0" fileid="10" />
                <SequencePoint vc="0" uspid="192" ordinal="172" sl="192" sc="1" el="192" ec="2" bec="0" bev="0" fileid="10" />
                <SequencePoint vc="0" uspid="193" ordinal="173" sl="193" sc="1" el="193" ec="2" bec="0" bev="0" fileid="10" />
                <SequencePoint vc="0" uspid="194" ordinal="174" sl="194" sc="1" el="194" ec="2" bec="0" bev="0" fileid="10" />
                <SequencePoint vc="0" uspid="195" ordinal="175" sl="195" sc="1" el="195" ec="2" bec="0" bev="0" fileid="10" />
                <SequencePoint vc="0" uspid="196" ordinal="176" sl="196" sc="1" el="196" ec="2" bec="0" bev="0" fileid="10" />
                <SequencePoint vc="0" uspid="197" ordinal="177" sl="197" sc="1" el="197" ec="2" bec="0" bev="0" fileid="10" />
                <SequencePoint vc="0" uspid="198" ordinal="178" sl="198" sc="1" el="198" ec="2" bec="0" bev="0" fileid="10" />
                <SequencePoint vc="0" uspid="199" ordinal="179" sl="199" sc="1" el="199" ec="2" bec="0" bev="0" fileid="10" />
                <SequencePoint vc="0" uspid="200" ordinal="180" sl="200" sc="1" el="200" ec="2" bec="0" bev="0" fileid="10" />
                <SequencePoint vc="0" uspid="201" ordinal="181" sl="201" sc="1" el="201" ec="2" bec="0" bev="0" fileid="10" />
                <SequencePoint vc="0" uspid="202" ordinal="182" sl="202" sc="1" el="202" ec="2" bec="0" bev="0" fileid="10" />
                <SequencePoint vc="0" uspid="203" ordinal="183" sl="203" sc="1" el="203" ec="2" bec="0" bev="0" fileid="10" />
                <SequencePoint vc="0" uspid="204" ordinal="184" sl="204" sc="1" el="204" ec="2" bec="0" bev="0" fileid="10" />
                <SequencePoint vc="0" uspid="205" ordinal="185" sl="205" sc="1" el="205" ec="2" bec="0" bev="0" fileid="10" />
                <SequencePoint vc="0" uspid="207" ordinal="186" sl="207" sc="1" el="207" ec="2" bec="0" bev="0" fileid="10" />
                <SequencePoint vc="0" uspid="208" ordinal="187" sl="208" sc="1" el="208" ec="2" bec="0" bev="0" fileid="10" />
                <SequencePoint vc="0" uspid="209" ordinal="188" sl="209" sc="1" el="209" ec="2" bec="0" bev="0" fileid="10" />
                <SequencePoint vc="0" uspid="210" ordinal="189" sl="210" sc="1" el="210" ec="2" bec="0" bev="0" fileid="10" />
                <SequencePoint vc="0" uspid="211" ordinal="190" sl="211" sc="1" el="211" ec="2" bec="0" bev="0" fileid="10" />
                <SequencePoint vc="0" uspid="212" ordinal="191" sl="212" sc="1" el="212" ec="2" bec="0" bev="0" fileid="10" />
                <SequencePoint vc="0" uspid="213" ordinal="192" sl="213" sc="1" el="213" ec="2" bec="0" bev="0" fileid="10" />
                <SequencePoint vc="0" uspid="214" ordinal="193" sl="214" sc="1" el="214" ec="2" bec="0" bev="0" fileid="10" />
                <SequencePoint vc="0" uspid="215" ordinal="194" sl="215" sc="1" el="215" ec="2" bec="0" bev="0" fileid="10" />
                <SequencePoint vc="0" uspid="216" ordinal="195" sl="216" sc="1" el="216" ec="2" bec="0" bev="0" fileid="10" />
                <SequencePoint vc="0" uspid="217" ordinal="196" sl="217" sc="1" el="217" ec="2" bec="0" bev="0" fileid="10" />
                <SequencePoint vc="0" uspid="218" ordinal="197" sl="218" sc="1" el="218" ec="2" bec="0" bev="0" fileid="10" />
                <SequencePoint vc="0" uspid="219" ordinal="198" sl="219" sc="1" el="219" ec="2" bec="0" bev="0" fileid="10" />
                <SequencePoint vc="0" uspid="220" ordinal="199" sl="220" sc="1" el="220" ec="2" bec="0" bev="0" fileid="10" />
                <SequencePoint vc="0" uspid="221" ordinal="200" sl="221" sc="1" el="221" ec="2" bec="0" bev="0" fileid="10" />
                <SequencePoint vc="0" uspid="222" ordinal="201" sl="222" sc="1" el="222" ec="2" bec="0" bev="0" fileid="10" />
                <SequencePoint vc="0" uspid="223" ordinal="202" sl="223" sc="1" el="223" ec="2" bec="0" bev="0" fileid="10" />
                <SequencePoint vc="0" uspid="224" ordinal="203" sl="224" sc="1" el="224" ec="2" bec="0" bev="0" fileid="10" />
                <SequencePoint vc="0" uspid="225" ordinal="204" sl="225" sc="1" el="225" ec="2" bec="0" bev="0" fileid="10" />
                <SequencePoint vc="0" uspid="226" ordinal="205" sl="226" sc="1" el="226" ec="2" bec="0" bev="0" fileid="10" />
                <SequencePoint vc="0" uspid="227" ordinal="206" sl="227" sc="1" el="227" ec="2" bec="0" bev="0" fileid="10" />
                <SequencePoint vc="0" uspid="228" ordinal="207" sl="228" sc="1" el="228" ec="2" bec="0" bev="0" fileid="10" />
                <SequencePoint vc="0" uspid="229" ordinal="208" sl="229" sc="1" el="229" ec="2" bec="0" bev="0" fileid="10" />
                <SequencePoint vc="0" uspid="231" ordinal="209" sl="231" sc="1" el="231" ec="2" bec="0" bev="0" fileid="10" />
                <SequencePoint vc="0" uspid="232" ordinal="210" sl="232" sc="1" el="232" ec="2" bec="0" bev="0" fileid="10" />
                <SequencePoint vc="0" uspid="233" ordinal="211" sl="233" sc="1" el="233" ec="2" bec="0" bev="0" fileid="10" />
                <SequencePoint vc="0" uspid="234" ordinal="212" sl="234" sc="1" el="234" ec="2" bec="0" bev="0" fileid="10" />
                <SequencePoint vc="0" uspid="235" ordinal="213" sl="235" sc="1" el="235" ec="2" bec="0" bev="0" fileid="10" />
                <SequencePoint vc="0" uspid="236" ordinal="214" sl="236" sc="1" el="236" ec="2" bec="0" bev="0" fileid="10" />
                <SequencePoint vc="0" uspid="237" ordinal="215" sl="237" sc="1" el="237" ec="2" bec="0" bev="0" fileid="10" />
                <SequencePoint vc="0" uspid="238" ordinal="216" sl="238" sc="1" el="238" ec="2" bec="0" bev="0" fileid="10" />
                <SequencePoint vc="0" uspid="239" ordinal="217" sl="239" sc="1" el="239" ec="2" bec="0" bev="0" fileid="10" />
                <SequencePoint vc="0" uspid="240" ordinal="218" sl="240" sc="1" el="240" ec="2" bec="0" bev="0" fileid="10" />
                <SequencePoint vc="0" uspid="242" ordinal="219" sl="242" sc="1" el="242" ec="2" bec="0" bev="0" fileid="10" />
                <SequencePoint vc="0" uspid="243" ordinal="220" sl="243" sc="1" el="243" ec="2" bec="0" bev="0" fileid="10" />
                <SequencePoint vc="0" uspid="244" ordinal="221" sl="244" sc="1" el="244" ec="2" bec="0" bev="0" fileid="10" />
                <SequencePoint vc="0" uspid="245" ordinal="222" sl="245" sc="1" el="245" ec="2" bec="0" bev="0" fileid="10" />
                <SequencePoint vc="0" uspid="247" ordinal="223" sl="247" sc="1" el="247" ec="2" bec="0" bev="0" fileid="10" />
              </SequencePoints>
              <BranchPoints />
              <MethodPoint vc="0" uspid="0" p8:type="SequencePoint" ordinal="0" offset="0" sc="0" sl="17" ec="1" el="247" bec="0" bev="0" fileid="10" xmlns:p8="xsi" />
            </Method>
          </Methods>
        </Class>
        <Class>
          <Summary numSequencePoints="2" visitedSequencePoints="2" numBranchPoints="0" visitedBranchPoints="0" sequenceCoverage="100" branchCoverage="100" maxCyclomaticComplexity="1" minCyclomaticComplexity="1" visitedClasses="1" numClasses="1" visitedMethods="1" numMethods="1" />
          <FullName>Ensek.Controllers.MeterReadingsController</FullName>
          <Methods>
            <Method cyclomaticComplexity="1" nPathComplexity="1" sequenceCoverage="100" branchCoverage="100" isConstructor="True" isGetter="False" isSetter="False" isStatic="True">
              <Summary numSequencePoints="2" visitedSequencePoints="2" numBranchPoints="0" visitedBranchPoints="0" sequenceCoverage="100" branchCoverage="100" maxCyclomaticComplexity="1" minCyclomaticComplexity="1" visitedClasses="0" numClasses="0" visitedMethods="1" numMethods="1" />
              <MetadataToken />
              <Name>System.Void Ensek.Controllers.MeterReadingsController::.ctor(Ensek.Services.IMeterReadingService)</Name>
              <FileRef uid="11" />
              <SequencePoints>
                <SequencePoint vc="3" uspid="9" ordinal="0" sl="9" sc="1" el="9" ec="2" bec="0" bev="0" fileid="11" />
                <SequencePoint vc="3" uspid="11" ordinal="1" sl="11" sc="1" el="11" ec="2" bec="0" bev="0" fileid="11" />
              </SequencePoints>
              <BranchPoints />
              <MethodPoint vc="2" uspid="0" p8:type="SequencePoint" ordinal="0" offset="0" sc="0" sl="9" ec="1" el="11" bec="0" bev="0" fileid="11" xmlns:p8="xsi" />
            </Method>
          </Methods>
        </Class>
        <Class>
          <Summary numSequencePoints="9" visitedSequencePoints="9" numBranchPoints="6" visitedBranchPoints="6" sequenceCoverage="100" branchCoverage="100" maxCyclomaticComplexity="6" minCyclomaticComplexity="6" visitedClasses="1" numClasses="1" visitedMethods="1" numMethods="1" />
          <FullName>Ensek.Controllers.MeterReadingsController/&lt;Upload&gt;d__2</FullName>
          <Methods>
            <Method cyclomaticComplexity="6" nPathComplexity="6" sequenceCoverage="100" branchCoverage="100" isConstructor="False" isGetter="False" isSetter="False" isStatic="True">
              <Summary numSequencePoints="9" visitedSequencePoints="9" numBranchPoints="6" visitedBranchPoints="6" sequenceCoverage="100" branchCoverage="100" maxCyclomaticComplexity="6" minCyclomaticComplexity="6" visitedClasses="0" numClasses="0" visitedMethods="1" numMethods="1" />
              <MetadataToken />
              <Name>System.Void Ensek.Controllers.MeterReadingsController/&lt;Upload&gt;d__2::MoveNext()</Name>
              <FileRef uid="11" />
              <SequencePoints>
                <SequencePoint vc="3" uspid="19" ordinal="0" sl="19" sc="1" el="19" ec="2" bec="0" bev="0" fileid="11" />
                <SequencePoint vc="3" uspid="20" ordinal="1" sl="20" sc="1" el="20" ec="2" bec="4" bev="4" fileid="11" />
                <SequencePoint vc="1" uspid="21" ordinal="2" sl="21" sc="1" el="21" ec="2" bec="0" bev="0" fileid="11" />
                <SequencePoint vc="2" uspid="24" ordinal="3" sl="24" sc="1" el="24" ec="2" bec="0" bev="0" fileid="11" />
                <SequencePoint vc="2" uspid="25" ordinal="4" sl="25" sc="1" el="25" ec="2" bec="2" bev="2" fileid="11" />
                <SequencePoint vc="1" uspid="26" ordinal="5" sl="26" sc="1" el="26" ec="2" bec="0" bev="0" fileid="11" />
                <SequencePoint vc="1" uspid="28" ordinal="6" sl="28" sc="1" el="28" ec="2" bec="0" bev="0" fileid="11" />
                <SequencePoint vc="1" uspid="29" ordinal="7" sl="29" sc="1" el="29" ec="2" bec="0" bev="0" fileid="11" />
                <SequencePoint vc="3" uspid="30" ordinal="8" sl="30" sc="1" el="30" ec="2" bec="0" bev="0" fileid="11" />
              </SequencePoints>
              <BranchPoints>
                <BranchPoint vc="2" uspid="20" ordinal="0" path="0" offset="24" offsetend="26" sl="20" fileid="11" />
                <BranchPoint vc="1" uspid="20" ordinal="1" path="1" offset="24" offsetend="43" sl="20" fileid="11" />
                <BranchPoint vc="1" uspid="20" ordinal="2" path="0" offset="46" offsetend="48" sl="20" fileid="11" />
                <BranchPoint vc="2" uspid="20" ordinal="3" path="1" offset="46" offsetend="75" sl="20" fileid="11" />
                <BranchPoint vc="1" uspid="25" ordinal="4" path="0" offset="119" offsetend="121" sl="25" fileid="11" />
                <BranchPoint vc="1" uspid="25" ordinal="5" path="1" offset="119" offsetend="148" sl="25" fileid="11" />
              </BranchPoints>
              <MethodPoint vc="9" uspid="0" p8:type="SequencePoint" ordinal="0" offset="0" sc="0" sl="19" ec="1" el="30" bec="0" bev="0" fileid="11" xmlns:p8="xsi" />
            </Method>
          </Methods>
        </Class>
      </Classes>
    </Module>
  </Modules>
</CoverageSession>